2025-02-17 08:55:42.405: [INFO] VisibilityChanged: 0
2025-02-17 08:55:42.709: [INFO] RecordSyncInitDurationhas_sync_been_enabled: 0 state: 0
2025-02-17 08:55:42.709: [INFO] RecordSyncInitDurationhas_sync_been_enabled: 0 state: 0
2025-02-17 08:55:42.709: [INFO] RecordSyncInitDurationhas_sync_been_enabled: 0 state: 0
2025-02-17 08:55:42.710: [INFO] RecordSyncInitDurationhas_sync_been_enabled: 0 state: 0
2025-02-17 08:55:42.710: [INFO] RecordSyncInitDurationhas_sync_been_enabled: 0 state: 0
2025-02-17 08:55:42.710: [INFO] RecordSyncInitDurationhas_sync_been_enabled: 0 state: 0
2025-02-17 08:55:42.710: [INFO] RecordSyncInitDurationhas_sync_been_enabled: 0 state: 0
2025-02-17 08:55:42.710: [INFO] RecordSyncInitDurationhas_sync_been_enabled: 0 state: 0
2025-02-17 08:55:42.710: [INFO] RecordSyncInitDurationhas_sync_been_enabled: 0 state: 0
2025-02-17 08:55:42.711: [INFO] RecordSyncInitDurationhas_sync_been_enabled: 0 state: 0
2025-02-17 08:55:42.711: [INFO] RecordSyncInitDurationhas_sync_been_enabled: 0 state: 0
2025-02-17 08:55:42.720: [INFO] BookmarkModelLoaded, ids_reassigned: 0
2025-02-17 08:55:42.720: [INFO] BookmarkNodeAdded, ABU: 0
2025-02-17 08:55:42.720: [INFO] BookmarkNodeAdded, ABU: 0
2025-02-17 08:55:42.720: [INFO] OnDoneLoading sync enabled: 0
2025-02-17 08:55:42.780: [INFO] RecordSyncInitDurationhas_sync_been_enabled: 0 state: 0
2025-02-17 08:55:43.138: [INFO] Primary account changed.
2025-02-17 08:55:43.138: [INFO] OnPrimaryAccountChangedPrimaryAccountChangeEvent::Type::kSet
2025-02-17 08:55:43.140: [INFO] RecordSyncInitDurationhas_sync_been_enabled: 0 state: 3
2025-02-17 08:55:43.142: [INFO] RecordSyncInitDurationhas_sync_been_enabled: 0 state: 3
2025-02-17 08:55:43.589: [INFO] RecordSyncInitDurationhas_sync_been_enabled: 0 state: 3
2025-02-17 08:55:51.189: [INFO] BookmarkNodeAdded, ABU: 0
2025-02-17 08:55:51.190: [INFO] BookmarkNodeAdded, ABU: 0
2025-02-17 08:55:51.190: [INFO] BookmarkNodeAdded, ABU: 0
2025-02-17 08:55:51.192: [INFO] BookmarkNodeAdded, ABU: 0
2025-02-17 08:55:51.193: [INFO] BookmarkNodeAdded, ABU: 0
2025-02-17 08:55:51.194: [INFO] BookmarkNodeAdded, ABU: 0
2025-02-17 08:55:51.196: [INFO] BookmarkNodeAdded, ABU: 0
2025-02-17 08:55:51.197: [INFO] BookmarkNodeAdded, ABU: 0
2025-02-17 08:55:51.199: [INFO] BookmarkNodeAdded, ABU: 0
2025-02-17 08:55:51.200: [INFO] BookmarkNodeAdded, ABU: 0
2025-02-17 08:55:51.201: [INFO] BookmarkNodeAdded, ABU: 0
2025-02-17 08:55:51.201: [INFO] BookmarkNodeAdded, ABU: 0
2025-02-17 08:55:51.202: [INFO] BookmarkNodeAdded, ABU: 0
2025-02-17 08:55:51.203: [INFO] BookmarkNodeAdded, ABU: 0
2025-02-17 08:55:51.203: [INFO] BookmarkNodeAdded, ABU: 0
2025-02-17 08:55:51.204: [INFO] BookmarkNodeAdded, ABU: 0
2025-02-17 08:55:51.205: [INFO] BookmarkNodeAdded, ABU: 0
2025-02-17 08:55:51.206: [INFO] BookmarkNodeAdded, ABU: 0
2025-02-17 08:55:51.207: [INFO] BookmarkNodeAdded, ABU: 0
2025-02-17 08:55:51.207: [INFO] BookmarkNodeAdded, ABU: 0
2025-02-17 08:55:51.208: [INFO] BookmarkNodeAdded, ABU: 0
2025-02-17 08:55:51.209: [INFO] BookmarkNodeAdded, ABU: 0
2025-02-17 08:55:51.211: [INFO] BookmarkNodeAdded, ABU: 0
2025-02-17 08:55:51.214: [INFO] BookmarkNodeAdded, ABU: 0
2025-02-17 08:55:51.216: [INFO] BookmarkNodeAdded, ABU: 0
2025-02-17 08:56:25.848: [INFO] Sync initialization duration: 41766ms
2025-02-17 09:06:32.853: [INFO] VisibilityChanged: 0
2025-02-17 09:06:32.895: [INFO] BookmarkModelLoaded, ids_reassigned: 0
2025-02-17 09:06:32.896: [INFO] BookmarkNodeAdded, ABU: 0
2025-02-17 09:06:32.896: [INFO] BookmarkNodeAdded, ABU: 0
2025-02-17 09:06:32.896: [INFO] OnDoneLoading sync enabled: 1
2025-02-17 09:06:38.581: [INFO] Sync initialization duration: 4776ms
2025-02-17 09:09:45.448: [INFO] VisibilityChanged: 0
2025-02-17 09:09:45.492: [INFO] BookmarkModelLoaded, ids_reassigned: 0
2025-02-17 09:09:45.493: [INFO] BookmarkNodeAdded, ABU: 0
2025-02-17 09:09:45.493: [INFO] BookmarkNodeAdded, ABU: 0
2025-02-17 09:09:45.493: [INFO] OnDoneLoading sync enabled: 1
2025-02-17 09:09:50.242: [INFO] Sync initialization duration: 3865ms
2025-02-17 12:15:31.866: [INFO] VisibilityChanged: 0
2025-02-17 12:15:32.208: [INFO] BookmarkModelLoaded, ids_reassigned: 0
2025-02-17 12:15:32.208: [INFO] BookmarkNodeAdded, ABU: 0
2025-02-17 12:15:32.208: [INFO] BookmarkNodeAdded, ABU: 0
2025-02-17 12:15:32.208: [INFO] OnDoneLoading sync enabled: 1
2025-02-17 12:15:37.942: [INFO] Sync initialization duration: 5168ms
2025-02-17 12:33:40.501: [INFO] VisibilityChanged: 0
2025-02-17 12:33:40.589: [INFO] BookmarkModelLoaded, ids_reassigned: 0
2025-02-17 12:33:40.589: [INFO] BookmarkNodeAdded, ABU: 0
2025-02-17 12:33:40.589: [INFO] BookmarkNodeAdded, ABU: 0
2025-02-17 12:33:40.589: [INFO] OnDoneLoading sync enabled: 1
2025-02-17 12:33:45.305: [INFO] Sync initialization duration: 3792ms
2025-02-17 12:40:06.731: [INFO] VisibilityChanged: 0
2025-02-17 12:40:06.779: [INFO] BookmarkModelLoaded, ids_reassigned: 0
2025-02-17 12:40:06.779: [INFO] BookmarkNodeAdded, ABU: 0
2025-02-17 12:40:06.780: [INFO] BookmarkNodeAdded, ABU: 0
2025-02-17 12:40:06.780: [INFO] OnDoneLoading sync enabled: 1
2025-02-17 12:40:11.729: [INFO] Sync initialization duration: 4099ms
2025-02-17 12:44:59.874: [INFO] VisibilityChanged: 0
2025-02-17 12:44:59.913: [INFO] BookmarkModelLoaded, ids_reassigned: 0
2025-02-17 12:44:59.913: [INFO] BookmarkNodeAdded, ABU: 0
2025-02-17 12:44:59.914: [INFO] BookmarkNodeAdded, ABU: 0
2025-02-17 12:44:59.914: [INFO] OnDoneLoading sync enabled: 1
2025-02-17 12:45:04.697: [INFO] Sync initialization duration: 3789ms
2025-02-24 01:49:03.502: [INFO] VisibilityChanged: 0
2025-02-24 01:49:03.881: [INFO] BookmarkModelLoaded, ids_reassigned: 0
2025-02-24 01:49:03.883: [INFO] BookmarkNodeAdded, ABU: 0
2025-02-24 01:49:03.883: [INFO] BookmarkNodeAdded, ABU: 0
2025-02-24 01:49:03.883: [INFO] OnDoneLoading sync enabled: 1
2025-02-24 01:49:12.658: [INFO] Sync initialization duration: 6920ms
2025-02-24 01:49:16.747: [INFO] BookmarkNodeAdded, ABU: 0
2025-02-25 02:09:12.992: [INFO] VisibilityChanged: 0
2025-02-25 02:09:13.042: [INFO] BookmarkModelLoaded, ids_reassigned: 0
2025-02-25 02:09:13.043: [INFO] BookmarkNodeAdded, ABU: 0
2025-02-25 02:09:13.043: [INFO] BookmarkNodeAdded, ABU: 0
2025-02-25 02:09:13.043: [INFO] OnDoneLoading sync enabled: 1
2025-02-25 02:09:28.103: [INFO] Sync initialization duration: 10662ms
2025-02-25 02:56:04.098: [INFO] VisibilityChanged: 0
2025-02-25 02:56:04.139: [INFO] BookmarkModelLoaded, ids_reassigned: 0
2025-02-25 02:56:04.140: [INFO] BookmarkNodeAdded, ABU: 0
2025-02-25 02:56:04.140: [INFO] BookmarkNodeAdded, ABU: 0
2025-02-25 02:56:04.140: [INFO] OnDoneLoading sync enabled: 1
2025-02-25 02:56:13.284: [INFO] Sync initialization duration: 8480ms
2025-02-27 01:50:09.055: [INFO] VisibilityChanged: 0
2025-02-27 01:50:09.114: [INFO] BookmarkModelLoaded, ids_reassigned: 0
2025-02-27 01:50:09.115: [INFO] BookmarkNodeAdded, ABU: 0
2025-02-27 01:50:09.116: [INFO] BookmarkNodeAdded, ABU: 0
2025-02-27 01:50:09.116: [INFO] OnDoneLoading sync enabled: 1
2025-02-27 01:50:17.117: [INFO] Sync initialization duration: 7136ms
2025-03-07 03:11:25.432: [INFO] VisibilityChanged: 0
2025-03-07 03:11:25.518: [INFO] BookmarkModelLoaded, ids_reassigned: 0
2025-03-07 03:11:25.524: [INFO] BookmarkNodeAdded, ABU: 0
2025-03-07 03:11:25.524: [INFO] BookmarkNodeAdded, ABU: 0
2025-03-07 03:11:25.524: [INFO] OnDoneLoading sync enabled: 1
2025-03-07 03:12:07.100: [INFO] Sync initialization duration: 14072ms
2025-03-07 08:13:40.912: [INFO] VisibilityChanged: 0
2025-03-07 08:13:40.976: [INFO] BookmarkModelLoaded, ids_reassigned: 0
2025-03-07 08:13:40.976: [INFO] BookmarkNodeAdded, ABU: 0
2025-03-07 08:13:40.976: [INFO] BookmarkNodeAdded, ABU: 0
2025-03-07 08:13:40.977: [INFO] OnDoneLoading sync enabled: 1
2025-03-07 08:13:50.350: [INFO] Sync initialization duration: 8485ms
2025-03-07 08:18:58.834: [INFO] VisibilityChanged: 0
2025-03-07 08:18:58.883: [INFO] BookmarkModelLoaded, ids_reassigned: 0
2025-03-07 08:18:58.883: [INFO] BookmarkNodeAdded, ABU: 0
2025-03-07 08:18:58.883: [INFO] BookmarkNodeAdded, ABU: 0
2025-03-07 08:18:58.883: [INFO] OnDoneLoading sync enabled: 1
2025-03-07 08:19:05.105: [INFO] Sync initialization duration: 5416ms
2025-03-14 04:31:58.178: [INFO] VisibilityChanged: 0
2025-03-14 04:31:58.245: [INFO] BookmarkModelLoaded, ids_reassigned: 0
2025-03-14 04:31:58.247: [INFO] BookmarkNodeAdded, ABU: 0
2025-03-14 04:31:58.247: [INFO] BookmarkNodeAdded, ABU: 0
2025-03-14 04:31:58.247: [INFO] OnDoneLoading sync enabled: 1
2025-03-14 04:32:08.154: [INFO] Sync initialization duration: 9530ms
2025-03-14 06:22:29.477: [INFO] VisibilityChanged: 0
2025-03-14 06:22:29.561: [INFO] BookmarkModelLoaded, ids_reassigned: 0
2025-03-14 06:22:29.561: [INFO] BookmarkNodeAdded, ABU: 0
2025-03-14 06:22:29.562: [INFO] BookmarkNodeAdded, ABU: 0
2025-03-14 06:22:29.562: [INFO] OnDoneLoading sync enabled: 1
2025-03-14 06:24:17.840: [INFO] Sync initialization duration: 107957ms
2025-03-14 06:29:40.298: [INFO] VisibilityChanged: 0
2025-03-14 06:29:40.341: [INFO] BookmarkModelLoaded, ids_reassigned: 0
2025-03-14 06:29:40.342: [INFO] BookmarkNodeAdded, ABU: 0
2025-03-14 06:29:40.342: [INFO] BookmarkNodeAdded, ABU: 0
2025-03-14 06:29:40.342: [INFO] OnDoneLoading sync enabled: 1
2025-03-14 06:29:51.049: [INFO] Sync initialization duration: 10449ms
2025-03-14 07:00:48.972: [INFO] VisibilityChanged: 0
2025-03-14 07:00:49.048: [INFO] BookmarkModelLoaded, ids_reassigned: 0
2025-03-14 07:00:49.048: [INFO] BookmarkNodeAdded, ABU: 0
2025-03-14 07:00:49.048: [INFO] BookmarkNodeAdded, ABU: 0
2025-03-14 07:00:49.048: [INFO] OnDoneLoading sync enabled: 1
2025-03-14 07:00:57.147: [INFO] Sync initialization duration: 7179ms
2025-03-14 07:06:15.313: [INFO] VisibilityChanged: 0
2025-03-14 07:06:15.364: [INFO] BookmarkModelLoaded, ids_reassigned: 0
2025-03-14 07:06:15.365: [INFO] BookmarkNodeAdded, ABU: 0
2025-03-14 07:06:15.365: [INFO] BookmarkNodeAdded, ABU: 0
2025-03-14 07:06:15.365: [INFO] OnDoneLoading sync enabled: 1
2025-03-14 07:06:22.325: [INFO] Sync initialization duration: 6686ms
2025-03-14 07:08:09.808: [INFO] VisibilityChanged: 0
2025-03-14 07:08:09.861: [INFO] BookmarkModelLoaded, ids_reassigned: 0
2025-03-14 07:08:09.862: [INFO] BookmarkNodeAdded, ABU: 0
2025-03-14 07:08:09.862: [INFO] BookmarkNodeAdded, ABU: 0
2025-03-14 07:08:09.862: [INFO] OnDoneLoading sync enabled: 1
2025-03-14 07:08:16.234: [INFO] Sync initialization duration: 6068ms
