Contributing types: Sessions, History}
{"logTime": "0211/041652", "correlationVector":"5/UNZ/g7ZWYR4agLEhSAsI.1","action":"SyncServerConnectionManagerRequest", "result":"SYNC_SERVER_OK", "context":{"environment":"Prod_southeastasia_prod-s01-064-apac-southeastasia", "migrationStage":"NotStarted", "server":"akswtt004000054"}}
{"logTime": "0211/041652", "correlationVector":"5/UNZ/g7ZWYR4agLEhSAsI.3","action":"Commit.Sessions", "result":"Success", "context":{"id":"7ff53264-a45c-4bfe-9dc5-f499164ce0e2", "isDeleted":"true", "size":"0", "version":"1739246630693"}}
{"logTime": "0211/041652", "correlationVector":"5/UNZ/g7ZWYR4agLEhSAsI.2","action":"Commit Response", "result":"Success", "context":Result: Success. cV=5/UNZ/g7ZWYR4agLEhSAsI.0;server=akswtt004000054;cloudType=Consumer;environment=Prod_southeastasia_prod-s01-064-apac-southeastasia;migrationStage=NotStarted}
{"logTime": "0211/041654", "correlationVector":"2hbr4U/YKiidfr1G2PrBoC","action":"Commit Request", "result":"", "context":Item count: 1
Contributing types: Preferences}
{"logTime": "0211/041655", "correlationVector":"2hbr4U/YKiidfr1G2PrBoC.1","action":"SyncServerConnectionManagerRequest", "result":"SYNC_SERVER_OK", "context":{"environment":"Prod_southeastasia_prod-s01-064-apac-southeastasia", "migrationStage":"NotStarted", "server":"akswtt004000039"}}
{"logTime": "0211/041655", "correlationVector":"2hbr4U/YKiidfr1G2PrBoC.2","action":"Commit Response", "result":"Success", "context":Result: Success. cV=2hbr4U/YKiidfr1G2PrBoC.0;server=akswtt004000039;cloudType=Consumer;environment=Prod_southeastasia_prod-s01-064-apac-southeastasia;migrationStage=NotStarted}
{"logTime": "0211/041755", "correlationVector":"KKpprdlai2fglsZNPxkvRZ","action":"Commit Request", "result":"", "context":Item count: 7
Contributing types: Sessions, History}
{"logTime": "0211/041757", "correlationVector":"KKpprdlai2fglsZNPxkvRZ.1","action":"SyncServerConnectionManagerRequest", "result":"SYNC_SERVER_OK", "context":{"environment":"Prod_southeastasia_prod-s01-064-apac-southeastasia", "migrationStage":"NotStarted", "server":"akswtt004000003"}}
{"logTime": "0211/041757", "correlationVector":"KKpprdlai2fglsZNPxkvRZ.2","action":"Commit Response", "result":"Success", "context":Result: Success. cV=KKpprdlai2fglsZNPxkvRZ.0;server=akswtt004000003;cloudType=Consumer;environment=Prod_southeastasia_prod-s01-064-apac-southeastasia;migrationStage=NotStarted}
{"logTime": "0211/082200", "correlationVector":"bB0BkyhwTNt8uxF92+m+qw.1","action":"SyncServerConnectionManagerRequest", "result":"SYNC_SERVER_OK", "context":{"environment":"Prod_southeastasia_prod-s01-064-apac-southeastasia", "migrationStage":"NotStarted", "server":"akswtt00400003h"}}
{"logTime": "0211/082201", "correlationVector":"mfbZtcCv2IEkEtS+bcesEG","action":"SyncServerConnectionManagerRequest", "result":"SYNC_SERVER_OK", "context":{"environment":"", "migrationStage":"", "server":""}}
{"logTime": "0211/082201", "correlationVector":"bB0BkyhwTNt8uxF92+m+qw","action":"Initial GetUpdates", "result":"", "context":Reason: NEW_CLIENT. cV=bB0BkyhwTNt8uxF92+m+qw}
{"logTime": "0211/082201", "correlationVector":"bB0BkyhwTNt8uxF92+m+qw.2","action":"GetUpdates Response", "result":"Success", "context":Received 1 update(s). cV=bB0BkyhwTNt8uxF92+m+qw.0;server=akswtt00400003h;cloudType=Consumer;environment=Prod_southeastasia_prod-s01-064-apac-southeastasia;migrationStage=NotStarted}
{"logTime": "0211/082201", "correlationVector":"oXxuSKJruce/HFkigeo7Nc","action":"Initial GetUpdates", "result":"", "context":Reason: NEWLY_SUPPORTED_DATATYPE. cV=oXxuSKJruce/HFkigeo7Nc}
{"logTime": "0211/082202", "correlationVector":"oXxuSKJruce/HFkigeo7Nc.1","action":"SyncServerConnectionManagerRequest", "result":"SYNC_SERVER_OK", "context":{"environment":"Prod_southeastasia_prod-s01-064-apac-southeastasia", "migrationStage":"NotStarted", "server":"akswtt004000007"}}
{"logTime": "0211/082202", "correlationVector":"oXxuSKJruce/HFkigeo7Nc.2","action":"GetUpdates", "result":"DeleteReceived", "context":{"id":"fcbf0fd4-44d5-436e-a63a-58c241a3bc4a", "isDeleted:":"true", "version":"1711941943556"}}
{"logTime": "0211/082202", "correlationVector":"oXxuSKJruce/HFkigeo7Nc.3","action":"GetUpdates", "result":"DeleteReceived", "context":{"id":"d7f61311-a79f-48aa-9c63-595a0aade076", "isDeleted:":"true", "version":"1723200113004"}}
{"logTime": "0211/082202", "correlationVector":"oXxuSKJruce/HFkigeo7Nc.4","action":"GetUpdates", "result":"DeleteReceived", "context":{"id":"8e6f3c0b-b537-4faf-8ced-5c45c665edc9", "isDeleted:":"true", "version":"1724061182944"}}
{"logTime": "0211/082202", "correlationVector":"oXxuSKJruce/HFkigeo7Nc.5","action":"GetUpdates Response", "result":"Success", "context":Received 19 update(s). cV=oXxuSKJruce/HFkigeo7Nc.0;server=akswtt004000007;cloudType=Consumer;environment=Prod_southeastasia_prod-s01-064-apac-southeastasia;migrationStage=NotStarted}
{"logTime": "0211/082202", "correlationVector":"5sSzORQG84T508Ezml7tIh","action":"Normal GetUpdate request", "result":"", "context":cV=5sSzORQG84T508Ezml7tIh
Nudged types: Sessions, History
Refresh requested types: Bookmarks, Preferences, Passwords, Autofill Profiles, Autofill, Extensions, Sessions, Extension settings, History Delete Directives, Device Info, User Consents, Send Tab To Self, Web Apps, History, Collection, Edge E Drop, Edge Hub App Usage, Edge Tab Group, Edge Wallet, Encryption Keys}
{"logTime": "0211/082203", "correlationVector":"5sSzORQG84T508Ezml7tIh.1","action":"SyncServerConnectionManagerRequest", "result":"SYNC_SERVER_OK", "context":{"environment":"Prod_southeastasia_prod-s01-064-apac-southeastasia", "migrationStage":"NotStarted", "server":"akswtt00400000p"}}
{"logTime": "0211/082203", "correlationVector":"5sSzORQG84T508Ezml7tIh.2","action":"GetUpdates", "result":"DeleteReceived", "context":{"id":"7ff53264-a45c-4bfe-9dc5-f499164ce0e2", "isDeleted:":"true", "version":"1739247412526"}}
{"logTime": "0211/082203", "correlationVector":"5sSzORQG84T508Ezml7tIh.3","action":"GetUpdates", "result":"DeleteReceived", "context":{"id":"9db9b3f0-d079-428c-8460-618850e31d98", "isDeleted:":"true", "version":"1739258327444"}}
{"logTime": "0211/082203", "correlationVector":"5sSzORQG84T508Ezml7tIh.4","action":"GetUpdates", "result":"DeleteReceived", "context":{"id":"cb43a71c-2e01-4cb5-b285-f4772b606a9b", "isDeleted:":"true", "version":"1739258845051"}}
{"logTime": "0211/082203", "correlationVector":"5sSzORQG84T508Ezml7tIh.5","action":"GetUpdates Response", "result":"Success", "context":Received 84 update(s). cV=5sSzORQG84T508Ezml7tIh.0;server=akswtt00400000p;cloudType=Consumer;environment=Prod_southeastasia_prod-s01-064-apac-southeastasia;migrationStage=NotStarted}
{"logTime": "0211/082203", "correlationVector":"CyJmDvN/X02XxYhLtV97Td","action":"Commit Request", "result":"", "context":Item count: 3
Contributing types: Sessions}
{"logTime": "0211/082204", "correlationVector":"CyJmDvN/X02XxYhLtV97Td.1","action":"SyncServerConnectionManagerRequest", "result":"SYNC_SERVER_OK", "context":{"environment":"Prod_southeastasia_prod-s01-064-apac-southeastasia", "migrationStage":"NotStarted", "server":"akswtt00400001v"}}
{"logTime": "0211/082204", "correlationVector":"CyJmDvN/X02XxYhLtV97Td.3","action":"Commit.Sessions", "result":"Success", "context":{"id":"603651ad-6604-40a9-8508-665cfd8a62b1", "isDeleted":"true", "size":"0", "version":"1739247476483"}}
{"logTime": "0211/082204", "correlationVector":"CyJmDvN/X02XxYhLtV97Td.2","action":"Commit Response", "result":"Success", "context":Result: Success. cV=CyJmDvN/X02XxYhLtV97Td.0;server=akswtt00400001v;cloudType=Consumer;environment=Prod_southeastasia_prod-s01-064-apac-southeastasia;migrationStage=NotStarted}
{"logTime": "0211/082206", "correlationVector":"5KZNWv08u5St+U3gyka6hv","action":"Commit Request", "result":"", "context":Item count: 1
Contributing types: Preferences}
{"logTime": "0211/082207", "correlationVector":"5KZNWv08u5St+U3gyka6hv.1","action":"SyncServerConnectionManagerRequest", "result":"SYNC_SERVER_OK", "context":{"environment":"Prod_southeastasia_prod-s01-065-apac-southeastasia", "migrationStage":"NotStarted", "server":"akswtt00400002q"}}
{"logTime": "0211/082207", "correlationVector":"5KZNWv08u5St+U3gyka6hv.2","action":"Commit Response", "result":"Success", "context":Result: Success. cV=5KZNWv08u5St+U3gyka6hv.0;server=akswtt00400002q;cloudType=Consumer;environment=Prod_southeastasia_prod-s01-065-apac-southeastasia;migrationStage=NotStarted}
{"logTime": "0211/082210", "correlationVector":"pwzbuyD+7+jYQghWvd7GOb","action":"Normal GetUpdate request", "result":"", "context":cV=pwzbuyD+7+jYQghWvd7GOb
Notified types: History}
{"logTime": "0211/082211", "correlationVector":"pwzbuyD+7+jYQghWvd7GOb.1","action":"SyncServerConnectionManagerRequest", "result":"SYNC_SERVER_OK", "context":{"environment":"Prod_southeastasia_prod-s01-065-apac-southeastasia", "migrationStage":"NotStarted", "server":"akswtt004000008"}}
{"logTime": "0211/082211", "correlationVector":"pwzbuyD+7+jYQghWvd7GOb.2","action":"GetUpdates", "result":"DeleteReceived", "context":{"id":"603651ad-6604-40a9-8508-665cfd8a62b1", "isDeleted:":"true", "version":"1739262123540"}}
{"logTime": "0211/082211", "correlationVector":"pwzbuyD+7+jYQghWvd7GOb.3","action":"GetUpdates", "result":"DeleteReceived", "context":{"id":"2892fb4e-080d-47e0-a9f1-f72ab55fee5d", "isDeleted:":"true", "version":"1739262129441"}}
{"logTime": "0211/082211", "correlationVector":"pwzbuyD+7+jYQghWvd7GOb.4","action":"GetUpdates Response", "result":"Success", "context":Received 9 update(s). cV=pwzbuyD+7+jYQghWvd7GOb.0;server=akswtt004000008;cloudType=Consumer;environment=Prod_southeastasia_prod-s01-065-apac-southeastasia;migrationStage=NotStarted}
{"logTime": "0211/082311", "correlationVector":"ZVf6v430V2Jc+stdyW6F2U","action":"Commit Request", "result":"", "context":Item count: 7
Contributing types: Sessions, History}
{"logTime": "0211/082312", "correlationVector":"ZVf6v430V2Jc+stdyW6F2U.1","action":"SyncServerConnectionManagerRequest", "result":"SYNC_SERVER_OK", "context":{"environment":"Prod_southeastasia_prod-s01-065-apac-southeastasia", "migrationStage":"NotStarted", "server":"akswtt004000016"}}
{"logTime": "0211/082312", "correlationVector":"ZVf6v430V2Jc+stdyW6F2U.2","action":"Commit Response", "result":"Success", "context":Result: Success. cV=ZVf6v430V2Jc+stdyW6F2U.0;server=akswtt004000016;cloudType=Consumer;environment=Prod_southeastasia_prod-s01-065-apac-southeastasia;migrationStage=NotStarted}
{"logTime": "0211/082727", "correlationVector":"CWjLpxsk6S2o1onhbwyTmJ","action":"Commit Request", "result":"", "context":Item count: 5
Contributing types: Sessions, History}
{"logTime": "0211/082728", "correlationVector":"CWjLpxsk6S2o1onhbwyTmJ.1","action":"SyncServerConnectionManagerRequest", "result":"SYNC_SERVER_OK", "context":{"environment":"Prod_southeastasia_prod-s01-064-apac-southeastasia", "migrationStage":"NotStarted", "server":"akswtt00400001y"}}
{"logTime": "0211/082728", "correlationVector":"CWjLpxsk6S2o1onhbwyTmJ.2","action":"Commit Response", "result":"Success", "context":Result: Success. cV=CWjLpxsk6S2o1onhbwyTmJ.0;server=akswtt00400001y;cloudType=Consumer;environment=Prod_southeastasia_prod-s01-064-apac-southeastasia;migrationStage=NotStarted}
{"logTime": "0211/083144", "correlationVector":"s0Zo91kjed32Qfu3xYqBZ/","action":"Commit Request", "result":"", "context":Item count: 5
Contributing types: Sessions, History}
{"logTime": "0211/083145", "correlationVector":"s0Zo91kjed32Qfu3xYqBZ/.1","action":"SyncServerConnectionManagerRequest", "result":"SYNC_SERVER_OK", "context":{"environment":"Prod_southeastasia_prod-s01-065-apac-southeastasia", "migrationStage":"NotStarted", "server":"akswtt004000038"}}
{"logTime": "0211/083145", "correlationVector":"s0Zo91kjed32Qfu3xYqBZ/.2","action":"Commit Response", "result":"Success", "context":Result: Success. cV=s0Zo91kjed32Qfu3xYqBZ/.0;server=akswtt004000038;cloudType=Consumer;environment=Prod_southeastasia_prod-s01-065-apac-southeastasia;migrationStage=NotStarted}
{"logTime": "0211/132500", "correlationVector":"gO8ukI1dV2CtN0OxROoOwo.1","action":"SyncServerConnectionManagerRequest", "result":"SYNC_SERVER_OK", "context":{"environment":"Prod_southeastasia_prod-s01-065-apac-southeastasia", "migrationStage":"NotStarted", "server":"akswtt004000005"}}
{"logTime": "0211/132505", "correlationVector":"BoQuGfVx+NU0l7A9fT148S","action":"SyncServerConnectionManagerRequest", "result":"SYNC_SERVER_OK", "context":{"environment":"", "migrationStage":"", "server":""}}
{"logTime": "0211/132505", "correlationVector":"gO8ukI1dV2CtN0OxROoOwo","action":"Initial GetUpdates", "result":"", "context":Reason: NEW_CLIENT. cV=gO8ukI1dV2CtN0OxROoOwo}
{"logTime": "0211/132505", "correlationVector":"gO8ukI1dV2CtN0OxROoOwo.2","action":"GetUpdates Response", "result":"Success", "context":Received 1 update(s). cV=gO8ukI1dV2CtN0OxROoOwo.0;server=akswtt004000005;cloudType=Consumer;environment=Prod_southeastasia_prod-s01-065-apac-southeastasia;migrationStage=NotStarted}
{"logTime": "0211/132505", "correlationVector":"vYWa9tXJAgWLGFakpzw66r","action":"Initial GetUpdates", "result":"", "context":Reason: NEWLY_SUPPORTED_DATATYPE. cV=vYWa9tXJAgWLGFakpzw66r}
{"logTime": "0211/132507", "correlationVector":"vYWa9tXJAgWLGFakpzw66r.1","action":"SyncServerConnectionManagerRequest", "result":"SYNC_SERVER_OK", "context":{"environment":"Prod_southeastasia_prod-s01-064-apac-southeastasia", "migrationStage":"NotStarted", "server":"akswtt004000010"}}
{"logTime": "0211/132507", "correlationVector":"vYWa9tXJAgWLGFakpzw66r.2","action":"GetUpdates", "result":"DeleteReceived", "context":{"id":"fcbf0fd4-44d5-436e-a63a-58c241a3bc4a", "isDeleted:":"true", "version":"1711941943556"}}
{"logTime": "0211/132507", "correlationVector":"vYWa9tXJAgWLGFakpzw66r.3","action":"GetUpdates", "result":"DeleteReceived", "context":{"id":"d7f61311-a79f-48aa-9c63-595a0aade076", "isDeleted:":"true", "version":"1723200113004"}}
{"logTime": "0211/132507", "correlationVector":"vYWa9tXJAgWLGFakpzw66r.4","action":"GetUpdates", "result":"DeleteReceived", "context":{"id":"8e6f3c0b-b537-4faf-8ced-5c45c665edc9", "isDeleted:":"true", "version":"1724061182944"}}
{"logTime": "0211/132507", "correlationVector":"vYWa9tXJAgWLGFakpzw66r.5","action":"GetUpdates Response", "result":"Success", "context":Received 19 update(s). cV=vYWa9tXJAgWLGFakpzw66r.0;server=akswtt004000010;cloudType=Consumer;environment=Prod_southeastasia_prod-s01-064-apac-southeastasia;migrationStage=NotStarted}
{"logTime": "0211/132507", "correlationVector":"UBjxBshfiRW9DB1MYjcM6k","action":"Normal GetUpdate request", "result":"", "context":cV=UBjxBshfiRW9DB1MYjcM6k
Nudged types: Sessions, History
Refresh requested types: Bookmarks, Preferences, Passwords, Autofill Profiles, Autofill, Extensions, Sessions, Extension settings, History Delete Directives, Device Info, User Consents, Send Tab To Self, Web Apps, History, Collection, Edge E Drop, Edge Hub App Usage, Edge Tab Group, Edge Wallet, Encryption Keys}
{"logTime": "0211/132508", "correlationVector":"UBjxBshfiRW9DB1MYjcM6k.1","action":"SyncServerConnectionManagerRequest", "result":"SYNC_SERVER_OK", "context":{"environment":"Prod_southeastasia_prod-s01-064-apac-southeastasia", "migrationStage":"NotStarted", "server":"akswtt00400001a"}}
{"logTime": "0211/132508", "correlationVector":"UBjxBshfiRW9DB1MYjcM6k.2","action":"GetUpdates Response", "result":"Success", "context":Received 14 update(s). cV=UBjxBshfiRW9DB1MYjcM6k.0;server=akswtt00400001a;cloudType=Consumer;environment=Prod_southeastasia_prod-s01-064-apac-southeastasia;migrationStage=NotStarted}
{"logTime": "0211/132508", "correlationVector":"t/BQzjiDtHhk006GDjC3Ks","action":"Commit Request", "result":"", "context":Item count: 4
Contributing types: Sessions, History}
{"logTime": "0211/132509", "correlationVector":"t/BQzjiDtHhk006GDjC3Ks.1","action":"SyncServerConnectionManagerRequest", "result":"SYNC_SERVER_OK", "context":{"environment":"Prod_southeastasia_prod-s01-064-apac-southeastasia", "migrationStage":"NotStarted", "server":"akswtt004000003"}}
{"logTime": "0211/132509", "correlationVector":"t/BQzjiDtHhk006GDjC3Ks.3","action":"Commit.Sessions", "result":"Success", "context":{"id":"dfeecb25-2ec8-479c-90e8-292b68b97fe2", "isDeleted":"true", "size":"0", "version":"1739262704801"}}
{"logTime": "0211/132509", "correlationVector":"t/BQzjiDtHhk006GDjC3Ks.2","action":"Commit Response", "result":"Success", "context":Result: Success. cV=t/BQzjiDtHhk006GDjC3Ks.0;server=akswtt004000003;cloudType=Consumer;environment=Prod_southeastasia_prod-s01-064-apac-southeastasia;migrationStage=NotStarted}
{"logTime": "0211/132509", "correlationVector":"OnM28SCVLoMXIwfULDVsPn","action":"Poll GetUpdate request", "result":"", "context":cV=OnM28SCVLoMXIwfULDVsPn}
{"logTime": "0211/132510", "correlationVector":"OnM28SCVLoMXIwfULDVsPn.1","action":"SyncServerConnectionManagerRequest", "result":"SYNC_SERVER_OK", "context":{"environment":"Prod_southeastasia_prod-s01-064-apac-southeastasia", "migrationStage":"NotStarted", "server":"akswtt00400002p"}}
{"logTime": "0211/132510", "correlationVector":"OnM28SCVLoMXIwfULDVsPn.2","action":"GetUpdates", "result":"DeleteReceived", "context":{"id":"dfeecb25-2ec8-479c-90e8-292b68b97fe2", "isDeleted:":"true", "version":"1739280308498"}}
{"logTime": "0211/132510", "correlationVector":"OnM28SCVLoMXIwfULDVsPn.3","action":"GetUpdates Response", "result":"Success", "context":Received 4 update(s). cV=OnM28SCVLoMXIwfULDVsPn.0;server=akswtt00400002p;cloudType=Consumer;environment=Prod_southeastasia_prod-s01-064-apac-southeastasia;migrationStage=NotStarted}
{"logTime": "0211/132512", "correlationVector":"ao2lpB3jVeHjsdJCvgzL9s","action":"Commit Request", "result":"", "context":Item count: 1
Contributing types: Preferences}
{"logTime": "0211/132513", "correlationVector":"ao2lpB3jVeHjsdJCvgzL9s.1","action":"SyncServerConnectionManagerRequest", "result":"SYNC_SERVER_OK", "context":{"environment":"Prod_southeastasia_prod-s01-065-apac-southeastasia", "migrationStage":"NotStarted", "server":"akswtt004000045"}}
{"logTime": "0211/132513", "correlationVector":"ao2lpB3jVeHjsdJCvgzL9s.2","action":"Commit Response", "result":"Success", "context":Result: Success. cV=ao2lpB3jVeHjsdJCvgzL9s.0;server=akswtt004000045;cloudType=Consumer;environment=Prod_southeastasia_prod-s01-065-apac-southeastasia;migrationStage=NotStarted}
{"logTime": "0211/132656", "correlationVector":"QC7FgjSzqdH557Hl6+PZCq","action":"Commit Request", "result":"", "context":Item count: 8
Contributing types: Sessions, History}
{"logTime": "0211/132658", "correlationVector":"QC7FgjSzqdH557Hl6+PZCq.1","action":"SyncServerConnectionManagerRequest", "result":"SYNC_SERVER_OK", "context":{"environment":"Prod_southeastasia_prod-s01-065-apac-southeastasia", "migrationStage":"NotStarted", "server":"akswtt004000010"}}
{"logTime": "0211/132658", "correlationVector":"QC7FgjSzqdH557Hl6+PZCq.2","action":"Commit Response", "result":"Success", "context":Result: Success. cV=QC7FgjSzqdH557Hl6+PZCq.0;server=akswtt004000010;cloudType=Consumer;environment=Prod_southeastasia_prod-s01-065-apac-southeastasia;migrationStage=NotStarted}
{"logTime": "0211/133106", "correlationVector":"5hJwOd8FWrbe45K/Fm3JOD","action":"Commit Request", "result":"", "context":Item count: 1
Contributing types: Sessions}
{"logTime": "0211/133107", "correlationVector":"5hJwOd8FWrbe45K/Fm3JOD.1","action":"SyncServerConnectionManagerRequest", "result":"SYNC_SERVER_OK", "context":{"environment":"Prod_southeastasia_prod-s01-065-apac-southeastasia", "migrationStage":"NotStarted", "server":"akswtt00400002o"}}
{"logTime": "0211/133107", "correlationVector":"5hJwOd8FWrbe45K/Fm3JOD.2","action":"Commit Response", "result":"Success", "context":Result: Success. cV=5hJwOd8FWrbe45K/Fm3JOD.0;server=akswtt00400002o;cloudType=Consumer;environment=Prod_southeastasia_prod-s01-065-apac-southeastasia;migrationStage=NotStarted}
{"logTime": "0211/133337", "correlationVector":"F0nnnog4YLDlTJPwnmIGwv.1","action":"SyncServerConnectionManagerRequest", "result":"SYNC_SERVER_OK", "context":{"environment":"Prod_southeastasia_prod-s01-065-apac-southeastasia", "migrationStage":"NotStarted", "server":"akswtt00400000d"}}
{"logTime": "0211/133337", "correlationVector":"RfYcAOIB3z820dfZUBhi4i","action":"SyncServerConnectionManagerRequest", "result":"SYNC_SERVER_OK", "context":{"environment":"", "migrationStage":"", "server":""}}
{"logTime": "0211/133337", "correlationVector":"F0nnnog4YLDlTJPwnmIGwv","action":"Initial GetUpdates", "result":"", "context":Reason: NEW_CLIENT. cV=F0nnnog4YLDlTJPwnmIGwv}
{"logTime": "0211/133337", "correlationVector":"F0nnnog4YLDlTJPwnmIGwv.2","action":"GetUpdates Response", "result":"Success", "context":Received 1 update(s). cV=F0nnnog4YLDlTJPwnmIGwv.0;server=akswtt00400000d;cloudType=Consumer;environment=Prod_southeastasia_prod-s01-065-apac-southeastasia;migrationStage=NotStarted}
{"logTime": "0211/133337", "correlationVector":"ttoPQpie8jrgLkOuPxYTtT","action":"Initial GetUpdates", "result":"", "context":Reason: NEWLY_SUPPORTED_DATATYPE. cV=ttoPQpie8jrgLkOuPxYTtT}
{"logTime": "0211/133338", "correlationVector":"ttoPQpie8jrgLkOuPxYTtT.1","action":"SyncServerConnectionManagerRequest", "result":"SYNC_SERVER_OK", "context":{"environment":"Prod_southeastasia_prod-s01-065-apac-southeastasia", "migrationStage":"NotStarted", "server":"akswtt00400001t"}}
{"logTime": "0211/133338", "correlationVector":"ttoPQpie8jrgLkOuPxYTtT.2","action":"GetUpdates", "result":"DeleteReceived", "context":{"id":"fcbf0fd4-44d5-436e-a63a-58c241a3bc4a", "isDeleted:":"true", "version":"1711941943556"}}
{"logTime": "0211/133338", "correlationVector":"ttoPQpie8jrgLkOuPxYTtT.3","action":"GetUpdates", "result":"DeleteReceived", "context":{"id":"d7f61311-a79f-48aa-9c63-595a0aade076", "isDeleted:":"true", "version":"1723200113004"}}
{"logTime": "0211/133338", "correlationVector":"ttoPQpie8jrgLkOuPxYTtT.4","action":"GetUpdates", "result":"DeleteReceived", "context":{"id":"8e6f3c0b-b537-4faf-8ced-5c45c665edc9", "isDeleted:":"true", "version":"1724061182944"}}
{"logTime": "0211/133338", "correlationVector":"ttoPQpie8jrgLkOuPxYTtT.5","action":"GetUpdates Response", "result":"Success", "context":Received 19 update(s). cV=ttoPQpie8jrgLkOuPxYTtT.0;server=akswtt00400001t;cloudType=Consumer;environment=Prod_southeastasia_prod-s01-065-apac-southeastasia;migrationStage=NotStarted}
{"logTime": "0211/133338", "correlationVector":"d1mF+4POT9s6IAESiUo+fF","action":"Normal GetUpdate request", "result":"", "context":cV=d1mF+4POT9s6IAESiUo+fF
Nudged types: Sessions, History
Refresh requested types: Bookmarks, Preferences, Passwords, Autofill Profiles, Autofill, Extensions, Sessions, Extension settings, History Delete Directives, Device Info, User Consents, Send Tab To Self, Web Apps, History, Collection, Edge E Drop, Edge Hub App Usage, Edge Tab Group, Edge Wallet, Encryption Keys}
{"logTime": "0211/133339", "correlationVector":"d1mF+4POT9s6IAESiUo+fF.1","action":"SyncServerConnectionManagerRequest", "result":"SYNC_SERVER_OK", "context":{"environment":"Prod_southeastasia_prod-s01-065-apac-southeastasia", "migrationStage":"NotStarted", "server":"akswtt004000029"}}
{"logTime": "0211/133339", "correlationVector":"d1mF+4POT9s6IAESiUo+fF.2","action":"GetUpdates Response", "result":"Success", "context":Received 9 update(s). cV=d1mF+4POT9s6IAESiUo+fF.0;server=akswtt004000029;cloudType=Consumer;environment=Prod_southeastasia_prod-s01-065-apac-southeastasia;migrationStage=NotStarted}
{"logTime": "0211/133339", "correlationVector":"QUZgJ88dieThba1cdtgbZa","action":"Commit Request", "result":"", "context":Item count: 4
Contributing types: Sessions, History}
{"logTime": "0211/133340", "correlationVector":"QUZgJ88dieThba1cdtgbZa.1","action":"SyncServerConnectionManagerRequest", "result":"SYNC_SERVER_OK", "context":{"environment":"Prod_southeastasia_prod-s01-065-apac-southeastasia", "migrationStage":"NotStarted", "server":"akswtt00400000j"}}
{"logTime": "0211/133340", "correlationVector":"QUZgJ88dieThba1cdtgbZa.3","action":"Commit.Sessions", "result":"Success", "context":{"id":"8bf69769-6dce-4a84-abdb-e412e8edc0d0", "isDeleted":"true", "size":"0", "version":"1739280667327"}}
{"logTime": "0211/133340", "correlationVector":"QUZgJ88dieThba1cdtgbZa.2","action":"Commit Response", "result":"Success", "context":Result: Success. cV=QUZgJ88dieThba1cdtgbZa.0;server=akswtt00400000j;cloudType=Consumer;environment=Prod_southeastasia_prod-s01-065-apac-southeastasia;migrationStage=NotStarted}
{"logTime": "0211/133342", "correlationVector":"YJbxiskrAtffrdx5mQWVRk","action":"Commit Request", "result":"", "context":Item count: 1
Contributing types: Preferences}
{"logTime": "0211/133343", "correlationVector":"YJbxiskrAtffrdx5mQWVRk.1","action":"SyncServerConnectionManagerRequest", "result":"SYNC_SERVER_OK", "context":{"environment":"Prod_southeastasia_prod-s01-065-apac-southeastasia", "migrationStage":"NotStarted", "server":"akswtt004000029"}}
{"logTime": "0211/133343", "correlationVector":"YJbxiskrAtffrdx5mQWVRk.2","action":"Commit Response", "result":"Success", "context":Result: Success. cV=YJbxiskrAtffrdx5mQWVRk.0;server=akswtt004000029;cloudType=Consumer;environment=Prod_southeastasia_prod-s01-065-apac-southeastasia;migrationStage=NotStarted}
{"logTime": "0211/133444", "correlationVector":"2uNd8/fDvOzDy0I/Hwprjt","action":"Commit Request", "result":"", "context":Item count: 8
Contributing types: Sessions, History}
{"logTime": "0211/133445", "correlationVector":"2uNd8/fDvOzDy0I/Hwprjt.1","action":"SyncServerConnectionManagerRequest", "result":"SYNC_SERVER_OK", "context":{"environment":"Prod_southeastasia_prod-s01-065-apac-southeastasia", "migrationStage":"NotStarted", "server":"akswtt004000022"}}
{"logTime": "0211/133445", "correlationVector":"2uNd8/fDvOzDy0I/Hwprjt.2","action":"Commit Response", "result":"Success", "context":Result: Success. cV=2uNd8/fDvOzDy0I/Hwprjt.0;server=akswtt004000022;cloudType=Consumer;environment=Prod_southeastasia_prod-s01-065-apac-southeastasia;migrationStage=NotStarted}
{"logTime": "0212/014049", "correlationVector":"xX+DKFGdztxuhEJoXvdTOs.1","action":"SyncServerConnectionManagerRequest", "result":"SYNC_SERVER_OK", "context":{"environment":"Prod_southeastasia_prod-s01-064-apac-southeastasia", "migrationStage":"NotStarted", "server":"akswtt004000016"}}
{"logTime": "0212/014051", "correlationVector":"YWT6m1sLLuEgqc/eGCc0EG","action":"SyncServerConnectionManagerRequest", "result":"SYNC_SERVER_OK", "context":{"environment":"", "migrationStage":"", "server":""}}
{"logTime": "0212/014051", "correlationVector":"xX+DKFGdztxuhEJoXvdTOs","action":"Initial GetUpdates", "result":"", "context":Reason: NEW_CLIENT. cV=xX+DKFGdztxuhEJoXvdTOs}
{"logTime": "0212/014051", "correlationVector":"xX+DKFGdztxuhEJoXvdTOs.2","action":"GetUpdates Response", "result":"Success", "context":Received 1 update(s). cV=xX+DKFGdztxuhEJoXvdTOs.0;server=akswtt004000016;cloudType=Consumer;environment=Prod_southeastasia_prod-s01-064-apac-southeastasia;migrationStage=NotStarted}
{"logTime": "0212/014051", "correlationVector":"q+4QUuJfpF6sQhiG9xpV3U","action":"Initial GetUpdates", "result":"", "context":Reason: NEWLY_SUPPORTED_DATATYPE. cV=q+4QUuJfpF6sQhiG9xpV3U}
{"logTime": "0212/014052", "correlationVector":"q+4QUuJfpF6sQhiG9xpV3U.1","action":"SyncServerConnectionManagerRequest", "result":"SYNC_SERVER_OK", "context":{"environment":"Prod_southeastasia_prod-s01-064-apac-southeastasia", "migrationStage":"NotStarted", "server":"akswtt004000016"}}
{"logTime": "0212/014052", "correlationVector":"q+4QUuJfpF6sQhiG9xpV3U.2","action":"GetUpdates", "result":"DeleteReceived", "context":{"id":"fcbf0fd4-44d5-436e-a63a-58c241a3bc4a", "isDeleted:":"true", "version":"1711941943556"}}
{"logTime": "0212/014052", "correlationVector":"q+4QUuJfpF6sQhiG9xpV3U.3","action":"GetUpdates", "result":"DeleteReceived", "context":{"id":"d7f61311-a79f-48aa-9c63-595a0aade076", "isDeleted:":"true", "version":"1723200113004"}}
{"logTime": "0212/014052", "correlationVector":"q+4QUuJfpF6sQhiG9xpV3U.4","action":"GetUpdates", "result":"DeleteReceived", "context":{"id":"8e6f3c0b-b537-4faf-8ced-5c45c665edc9", "isDeleted:":"true", "version":"1724061182944"}}
{"logTime": "0212/014052", "correlationVector":"q+4QUuJfpF6sQhiG9xpV3U.5","action":"GetUpdates Response", "result":"Success", "context":Received 19 update(s). cV=q+4QUuJfpF6sQhiG9xpV3U.0;server=akswtt004000016;cloudType=Consumer;environment=Prod_southeastasia_prod-s01-064-apac-southeastasia;migrationStage=NotStarted}
{"logTime": "0212/014052", "correlationVector":"6pCiUktvAf0rw8wgQaRVYP","action":"Normal GetUpdate request", "result":"", "context":cV=6pCiUktvAf0rw8wgQaRVYP
Nudged types: Sessions, Device Info, History
Refresh requested types: Bookmarks, Preferences, Passwords, Autofill Profiles, Autofill, Extensions, Sessions, Extension settings, History Delete Directives, Device Info, User Consents, Send Tab To Self, Web Apps, History, Collection, Edge E Drop, Edge Hub App Usage, Edge Tab Group, Edge Wallet, Encryption Keys}
{"logTime": "0212/014053", "correlationVector":"6pCiUktvAf0rw8wgQaRVYP.1","action":"SyncServerConnectionManagerRequest", "result":"SYNC_SERVER_OK", "context":{"environment":"Prod_southeastasia_prod-s01-064-apac-southeastasia", "migrationStage":"NotStarted", "server":"akswtt004000032"}}
{"logTime": "0212/014053", "correlationVector":"6pCiUktvAf0rw8wgQaRVYP.2","action":"GetUpdates", "result":"DeleteReceived", "context":{"id":"8bf69769-6dce-4a84-abdb-e412e8edc0d0", "isDeleted:":"true", "version":"1739280819741"}}
{"logTime": "0212/014053", "correlationVector":"6pCiUktvAf0rw8wgQaRVYP.3","action":"GetUpdates", "result":"DeleteReceived", "context":{"id":"e6b64ea9-28b2-41a0-a543-07b096dbd2c5", "isDeleted:":"true", "version":"1739281236522"}}
{"logTime": "0212/014053", "correlationVector":"6pCiUktvAf0rw8wgQaRVYP.4","action":"GetUpdates Response", "result":"Success", "context":Received 29 update(s). cV=6pCiUktvAf0rw8wgQaRVYP.0;server=akswtt004000032;cloudType=Consumer;environment=Prod_southeastasia_prod-s01-064-apac-southeastasia;migrationStage=NotStarted}
{"logTime": "0212/014053", "correlationVector":"bK+AJNt6zdsWAnpLJ7MFmF","action":"Commit Request", "result":"", "context":Item count: 1
Contributing types: History}
{"logTime": "0212/014054", "correlationVector":"bK+AJNt6zdsWAnpLJ7MFmF.1","action":"SyncServerConnectionManagerRequest", "result":"SYNC_SERVER_OK", "context":{"environment":"Prod_southeastasia_prod-s01-064-apac-southeastasia", "migrationStage":"NotStarted", "server":"akswtt004000032"}}
{"logTime": "0212/014054", "correlationVector":"bK+AJNt6zdsWAnpLJ7MFmF.2","action":"Commit Response", "result":"Success", "context":Result: Success. cV=bK+AJNt6zdsWAnpLJ7MFmF.0;server=akswtt004000032;cloudType=Consumer;environment=Prod_southeastasia_prod-s01-064-apac-southeastasia;migrationStage=NotStarted}
{"logTime": "0212/014054", "correlationVector":"WQqTH/w1/dLYkfWJbmTi18","action":"Poll GetUpdate request", "result":"", "context":cV=WQqTH/w1/dLYkfWJbmTi18}
{"logTime": "0212/014054", "correlationVector":"WQqTH/w1/dLYkfWJbmTi18.1","action":"SyncServerConnectionManagerRequest", "result":"SYNC_SERVER_OK", "context":{"environment":"Prod_southeastasia_prod-s01-064-apac-southeastasia", "migrationStage":"NotStarted", "server":"akswtt00400000q"}}
{"logTime": "0212/014054", "correlationVector":"WQqTH/w1/dLYkfWJbmTi18.2","action":"GetUpdates Response", "result":"Success", "context":Received 1 update(s). cV=WQqTH/w1/dLYkfWJbmTi18.0;server=akswtt00400000q;cloudType=Consumer;environment=Prod_southeastasia_prod-s01-064-apac-southeastasia;migrationStage=NotStarted}
{"logTime": "0212/014059", "correlationVector":"Y2OmcKjOZWhSmt8bwS8X1B","action":"Commit Request", "result":"", "context":Item count: 3
Contributing types: Preferences, Sessions}
{"logTime": "0212/014100", "correlationVector":"Y2OmcKjOZWhSmt8bwS8X1B.1","action":"SyncServerConnectionManagerRequest", "result":"SYNC_SERVER_OK", "context":{"environment":"Prod_southeastasia_prod-s01-064-apac-southeastasia", "migrationStage":"NotStarted", "server":"akswtt00400001m"}}
{"logTime": "0212/014100", "correlationVector":"Y2OmcKjOZWhSmt8bwS8X1B.2","action":"Commit Response", "result":"Success", "context":Result: Success. cV=Y2OmcKjOZWhSmt8bwS8X1B.0;server=akswtt00400001m;cloudType=Consumer;environment=Prod_southeastasia_prod-s01-064-apac-southeastasia;migrationStage=NotStarted}
{"logTime": "0212/014116", "correlationVector":"byCt5Nlm3FYcn7NO79W0X2","action":"Commit Request", "result":"", "context":Item count: 8
Contributing types: Preferences, Sessions, History}
{"logTime": "0212/014117", "correlationVector":"byCt5Nlm3FYcn7NO79W0X2.1","action":"SyncServerConnectionManagerRequest", "result":"SYNC_SERVER_OK", "context":{"environment":"Prod_southeastasia_prod-s01-064-apac-southeastasia", "migrationStage":"NotStarted", "server":"akswtt004000000"}}
{"logTime": "0212/014117", "correlationVector":"byCt5Nlm3FYcn7NO79W0X2.2","action":"Commit Response", "result":"Success", "context":Result: Success. cV=byCt5Nlm3FYcn7NO79W0X2.0;server=akswtt004000000;cloudType=Consumer;environment=Prod_southeastasia_prod-s01-064-apac-southeastasia;migrationStage=NotStarted}
{"logTime": "0212/014237", "correlationVector":"od96d1iykIZXvQwG+yCXhz","action":"Commit Request", "result":"", "context":Item count: 1
Contributing types: Sessions}
{"logTime": "0212/014237", "correlationVector":"od96d1iykIZXvQwG+yCXhz.1","action":"SyncServerConnectionManagerRequest", "result":"SYNC_SERVER_OK", "context":{"environment":"Prod_southeastasia_prod-s01-064-apac-southeastasia", "migrationStage":"NotStarted", "server":"akswtt00400002y"}}
{"logTime": "0212/014237", "correlationVector":"od96d1iykIZXvQwG+yCXhz.2","action":"Commit Response", "result":"Success", "context":Result: Success. cV=od96d1iykIZXvQwG+yCXhz.0;server=akswtt00400002y;cloudType=Consumer;environment=Prod_southeastasia_prod-s01-064-apac-southeastasia;migrationStage=NotStarted}
{"logTime": "0212/020608", "correlationVector":"ZClVsozyx2U6xyktgQNReA.1","action":"SyncServerConnectionManagerRequest", "result":"SYNC_SERVER_OK", "context":{"environment":"Prod_southeastasia_prod-s01-065-apac-southeastasia", "migrationStage":"NotStarted", "server":"akswtt00400002t"}}
{"logTime": "0212/020608", "correlationVector":"ZClVsozyx2U6xyktgQNReA.2","action":"ProcessGetUpdates", "result":"Done", "context":{"dataType":"Encryption Keys", "deleted":"0", "process_failed_to_decrypt":"0", "process_pending_decryption":"0", "process_success":"1", "total":"1"}}
{"logTime": "0212/020609", "correlationVector":"wMf+V7ILjuDrilsN1s182A","action":"SyncServerConnectionManagerRequest", "result":"SYNC_SERVER_OK", "context":{"environment":"", "migrationStage":"", "server":""}}
{"logTime": "0212/020609", "correlationVector":"ZClVsozyx2U6xyktgQNReA","action":"Initial GetUpdates", "result":"", "context":Reason: NEW_CLIENT. cV=ZClVsozyx2U6xyktgQNReA}
{"logTime": "0212/020609", "correlationVector":"ZClVsozyx2U6xyktgQNReA.3","action":"GetUpdates Response", "result":"Success", "context":Received 1 update(s). cV=ZClVsozyx2U6xyktgQNReA.0;server=akswtt00400002t;cloudType=Consumer;environment=Prod_southeastasia_prod-s01-065-apac-southeastasia;migrationStage=NotStarted}
{"logTime": "0212/020609", "correlationVector":"HHPQrBkJycwTyF1FRHIBgN","action":"Initial GetUpdates", "result":"", "context":Reason: NEWLY_SUPPORTED_DATATYPE. cV=HHPQrBkJycwTyF1FRHIBgN}
{"logTime": "0212/020610", "correlationVector":"HHPQrBkJycwTyF1FRHIBgN.1","action":"SyncServerConnectionManagerRequest", "result":"SYNC_SERVER_OK", "context":{"environment":"Prod_southeastasia_prod-s01-064-apac-southeastasia", "migrationStage":"NotStarted", "server":"akswtt00400003l"}}
{"logTime": "0212/020610", "correlationVector":"HHPQrBkJycwTyF1FRHIBgN.2","action":"ProcessGetUpdates", "result":"Done", "context":{"dataType":"Passwords", "deleted":"3", "process_failed_to_decrypt":"0", "process_pending_decryption":"0", "process_success":"19", "total":"19"}}
{"logTime": "0212/020610", "correlationVector":"HHPQrBkJycwTyF1FRHIBgN.3","action":"GetUpdates Response", "result":"Success", "context":Received 19 update(s). cV=HHPQrBkJycwTyF1FRHIBgN.0;server=akswtt00400003l;cloudType=Consumer;environment=Prod_southeastasia_prod-s01-064-apac-southeastasia;migrationStage=NotStarted}
{"logTime": "0212/020612", "correlationVector":"mDMMc8BZ6kcPYiBm7Etvf4","action":"Normal GetUpdate request", "result":"", "context":cV=mDMMc8BZ6kcPYiBm7Etvf4
Nudged types: Sessions, Device Info
Refresh requested types: Bookmarks, Preferences, Passwords, Autofill Profiles, Autofill, Extensions, Sessions, Extension settings, History Delete Directives, Device Info, User Consents, Send Tab To Self, Web Apps, History, Collection, Edge E Drop, Edge Hub App Usage, Edge Tab Group, Edge Wallet, Encryption Keys}
{"logTime": "0212/020612", "correlationVector":"mDMMc8BZ6kcPYiBm7Etvf4.1","action":"SyncServerConnectionManagerRequest", "result":"SYNC_SERVER_OK", "context":{"environment":"Prod_southeastasia_prod-s01-064-apac-southeastasia", "migrationStage":"NotStarted", "server":"akswtt00400001f"}}
{"logTime": "0212/020612", "correlationVector":"mDMMc8BZ6kcPYiBm7Etvf4.2","action":"ProcessGetUpdates", "result":"Done", "context":{"dataType":"Preferences", "deleted":"0", "process_failed_to_decrypt":"0", "process_pending_decryption":"0", "process_success":"2", "total":"2"}}
{"logTime": "0212/020612", "correlationVector":"mDMMc8BZ6kcPYiBm7Etvf4.3","action":"ProcessGetUpdates", "result":"Done", "context":{"dataType":"Sessions", "deleted":"0", "process_failed_to_decrypt":"0", "process_pending_decryption":"0", "process_success":"2", "total":"2"}}
{"logTime": "0212/020612", "correlationVector":"mDMMc8BZ6kcPYiBm7Etvf4.4","action":"ProcessGetUpdates", "result":"Done", "context":{"dataType":"History", "deleted":"0", "process_failed_to_decrypt":"0", "process_pending_decryption":"0", "process_success":"6", "total":"6"}}
{"logTime": "0212/020612", "correlationVector":"mDMMc8BZ6kcPYiBm7Etvf4.5","action":"GetUpdates Response", "result":"Success", "context":Received 10 update(s). cV=mDMMc8BZ6kcPYiBm7Etvf4.0;server=akswtt00400001f;cloudType=Consumer;environment=Prod_southeastasia_prod-s01-064-apac-southeastasia;migrationStage=NotStarted}
{"logTime": "0212/020613", "correlationVector":"yALDbbZyZtj3EoyZ7Idmgb","action":"Commit Request", "result":"", "context":Item count: 4
Contributing types: Sessions, Device Info}
{"logTime": "0212/020614", "correlationVector":"yALDbbZyZtj3EoyZ7Idmgb.1","action":"SyncServerConnectionManagerRequest", "result":"SYNC_SERVER_OK", "context":{"environment":"Prod_southeastasia_prod-s01-064-apac-southeastasia", "migrationStage":"NotStarted", "server":"akswtt00400002o"}}
{"logTime": "0212/020614", "correlationVector":"yALDbbZyZtj3EoyZ7Idmgb.2","action":"Commit Response", "result":"Success", "context":Result: Success. cV=yALDbbZyZtj3EoyZ7Idmgb.0;server=akswtt00400002o;cloudType=Consumer;environment=Prod_southeastasia_prod-s01-064-apac-southeastasia;migrationStage=NotStarted}
{"logTime": "0212/020614", "correlationVector":"yALDbbZyZtj3EoyZ7Idmgb.3","action":"Commit.Sessions", "result":"Success", "context":{"id":"b22781b4-ffc7-4883-84c9-4b2c148b79b9", "isDeleted":"true", "size":"0", "version":"1739324556893"}}
{"logTime": "0212/020614", "correlationVector":"M2k8IvyOCuvAoDOV5uXSlI","action":"Commit Request", "result":"", "context":Item count: 1
Contributing types: Preferences}
{"logTime": "0212/020615", "correlationVector":"M2k8IvyOCuvAoDOV5uXSlI.1","action":"SyncServerConnectionManagerRequest", "result":"SYNC_SERVER_OK", "context":{"environment":"Prod_southeastasia_prod-s01-064-apac-southeastasia", "migrationStage":"NotStarted", "server":"akswtt00400001s"}}
{"logTime": "0212/020615", "correlationVector":"M2k8IvyOCuvAoDOV5uXSlI.2","action":"Commit Response", "result":"Success", "context":Result: Success. cV=M2k8IvyOCuvAoDOV5uXSlI.0;server=akswtt00400001s;cloudType=Consumer;environment=Prod_southeastasia_prod-s01-064-apac-southeastasia;migrationStage=NotStarted}
{"logTime": "0212/020723", "correlationVector":"KS0kggVTorp/ngMfAuEXQ1","action":"Commit Request", "result":"", "context":Item count: 3
Contributing types: Sessions, History}
{"logTime": "0212/020723", "correlationVector":"KS0kggVTorp/ngMfAuEXQ1.1","action":"SyncServerConnectionManagerRequest", "result":"SYNC_SERVER_OK", "context":{"environment":"Prod_southeastasia_prod-s01-064-apac-southeastasia", "migrationStage":"NotStarted", "server":"akswtt00400000m"}}
{"logTime": "0212/020723", "correlationVector":"KS0kggVTorp/ngMfAuEXQ1.2","action":"Commit Response", "result":"Success", "context":Result: Success. cV=KS0kggVTorp/ngMfAuEXQ1.0;server=akswtt00400000m;cloudType=Consumer;environment=Prod_southeastasia_prod-s01-064-apac-southeastasia;migrationStage=NotStarted}
{"logTime": "0212/023939", "correlationVector":"l7GQuztPC37oM5DBgSBdmW.1","action":"SyncServerConnectionManagerRequest", "result":"SYNC_SERVER_OK", "context":{"environment":"Prod_southeastasia_prod-s01-064-apac-southeastasia", "migrationStage":"NotStarted", "server":"akswtt00400001b"}}
{"logTime": "0212/023939", "correlationVector":"l7GQuztPC37oM5DBgSBdmW.2","action":"ProcessGetUpdates", "result":"Done", "context":{"dataType":"Encryption Keys", "deleted":"0", "process_failed_to_decrypt":"0", "process_pending_decryption":"0", "process_success":"1", "total":"1"}}
{"logTime": "0212/023948", "correlationVector":"T+Z4uOQgCIS6aVaV8I7k8y","action":"SyncServerConnectionManagerRequest", "result":"SYNC_SERVER_OK", "context":{"environment":"", "migrationStage":"", "server":""}}
{"logTime": "0212/023948", "correlationVector":"l7GQuztPC37oM5DBgSBdmW","action":"Initial GetUpdates", "result":"", "context":Reason: NEW_CLIENT. cV=l7GQuztPC37oM5DBgSBdmW}
{"logTime": "0212/023948", "correlationVector":"l7GQuztPC37oM5DBgSBdmW.3","action":"GetUpdates Response", "result":"Success", "context":Received 1 update(s). cV=l7GQuztPC37oM5DBgSBdmW.0;server=akswtt00400001b;cloudType=Consumer;environment=Prod_southeastasia_prod-s01-064-apac-southeastasia;migrationStage=NotStarted}
{"logTime": "0212/023948", "correlationVector":"qIeVgaHR39N8d0FrPmMY+x","action":"Initial GetUpdates", "result":"", "context":Reason: NEWLY_SUPPORTED_DATATYPE. cV=qIeVgaHR39N8d0FrPmMY+x}
{"logTime": "0212/023949", "correlationVector":"qIeVgaHR39N8d0FrPmMY+x.1","action":"SyncServerConnectionManagerRequest", "result":"SYNC_SERVER_OK", "context":{"environment":"Prod_southeastasia_prod-s01-064-apac-southeastasia", "migrationStage":"NotStarted", "server":"akswtt00400001i"}}
{"logTime": "0212/023949", "correlationVector":"qIeVgaHR39N8d0FrPmMY+x.2","action":"ProcessGetUpdates", "result":"Done", "context":{"dataType":"Passwords", "deleted":"3", "process_failed_to_decrypt":"0", "process_pending_decryption":"0", "process_success":"19", "total":"19"}}
{"logTime": "0212/023949", "correlationVector":"qIeVgaHR39N8d0FrPmMY+x.3","action":"GetUpdates Response", "result":"Success", "context":Received 19 update(s). cV=qIeVgaHR39N8d0FrPmMY+x.0;server=akswtt00400001i;cloudType=Consumer;environment=Prod_southeastasia_prod-s01-064-apac-southeastasia;migrationStage=NotStarted}
{"logTime": "0212/023949", "correlationVector":"rRn+iiIEQbIb7LGZxYASZz","action":"Normal GetUpdate request", "result":"", "context":cV=rRn+iiIEQbIb7LGZxYASZz
Nudged types: Sessions, History
Refresh requested types: Bookmarks, Preferences, Passwords, Autofill Profiles, Autofill, Extensions, Sessions, Extension settings, History Delete Directives, Device Info, User Consents, Send Tab To Self, Web Apps, History, Collection, Edge E Drop, Edge Hub App Usage, Edge Tab Group, Edge Wallet, Encryption Keys}
{"logTime": "0212/023950", "correlationVector":"rRn+iiIEQbIb7LGZxYASZz.1","action":"SyncServerConnectionManagerRequest", "result":"SYNC_SERVER_OK", "context":{"environment":"Prod_southeastasia_prod-s01-064-apac-southeastasia", "migrationStage":"NotStarted", "server":"akswtt00400000t"}}
{"logTime": "0212/023950", "correlationVector":"rRn+iiIEQbIb7LGZxYASZz.2","action":"ProcessGetUpdates", "result":"Done", "context":{"dataType":"Preferences", "deleted":"0", "process_failed_to_decrypt":"0", "process_pending_decryption":"0", "process_success":"1", "total":"1"}}
{"logTime": "0212/023950", "correlationVector":"rRn+iiIEQbIb7LGZxYASZz.3","action":"ProcessGetUpdates", "result":"Done", "context":{"dataType":"Sessions", "deleted":"1", "process_failed_to_decrypt":"0", "process_pending_decryption":"0", "process_success":"3", "total":"3"}}
{"logTime": "0212/023950", "correlationVector":"rRn+iiIEQbIb7LGZxYASZz.4","action":"ProcessGetUpdates", "result":"Done", "context":{"dataType":"Device Info", "deleted":"0", "process_failed_to_decrypt":"0", "process_pending_decryption":"0", "process_success":"1", "total":"1"}}
{"logTime": "0212/023950", "correlationVector":"rRn+iiIEQbIb7LGZxYASZz.5","action":"ProcessGetUpdates", "result":"Done", "context":{"dataType":"History", "deleted":"0", "process_failed_to_decrypt":"0", "process_pending_decryption":"0", "process_success":"2", "total":"2"}}
{"logTime": "0212/023950", "correlationVector":"rRn+iiIEQbIb7LGZxYASZz.6","action":"GetUpdates Response", "result":"Success", "context":Received 7 update(s). cV=rRn+iiIEQbIb7LGZxYASZz.0;server=akswtt00400000t;cloudType=Consumer;environment=Prod_southeastasia_prod-s01-064-apac-southeastasia;migrationStage=NotStarted}
{"logTime": "0212/023950", "correlationVector":"6z/0mASrazmvQw46u1Kibx","action":"Commit Request", "result":"", "context":Item count: 5
Contributing types: Sessions, History}
{"logTime": "0212/023951", "correlationVector":"6z/0mASrazmvQw46u1Kibx.1","action":"SyncServerConnectionManagerRequest", "result":"SYNC_SERVER_OK", "context":{"environment":"Prod_southeastasia_prod-s01-064-apac-southeastasia", "migrationStage":"NotStarted", "server":"akswtt00400002b"}}
{"logTime": "0212/023951", "correlationVector":"6z/0mASrazmvQw46u1Kibx.2","action":"Commit Response", "result":"Success", "context":Result: Success. cV=6z/0mASrazmvQw46u1Kibx.0;server=akswtt00400002b;cloudType=Consumer;environment=Prod_southeastasia_prod-s01-064-apac-southeastasia;migrationStage=NotStarted}
{"logTime": "0212/023951", "correlationVector":"6z/0mASrazmvQw46u1Kibx.3","action":"Commit.Sessions", "result":"Success", "context":{"id":"8c6f98de-46f4-48c1-a487-e6c84bc387f0", "isDeleted":"true", "size":"0", "version":"1739326042868"}}
{"logTime": "0212/023953", "correlationVector":"C4dRqP9ZtbBkHdz2UsAqkS","action":"Commit Request", "result":"", "context":Item count: 1
Contributing types: Preferences}
{"logTime": "0212/023954", "correlationVector":"C4dRqP9ZtbBkHdz2UsAqkS.1","action":"SyncServerConnectionManagerRequest", "result":"SYNC_SERVER_OK", "context":{"environment":"Prod_southeastasia_prod-s01-064-apac-southeastasia", "migrationStage":"NotStarted", "server":"akswtt00400003h"}}
{"logTime": "0212/023954", "correlationVector":"C4dRqP9ZtbBkHdz2UsAqkS.2","action":"Commit Response", "result":"Success", "context":Result: Success. cV=C4dRqP9ZtbBkHdz2UsAqkS.0;server=akswtt00400003h;cloudType=Consumer;environment=Prod_southeastasia_prod-s01-064-apac-southeastasia;migrationStage=NotStarted}
{"logTime": "0212/024117", "correlationVector":"rgsqdD1HIDZDyBykxgSeQm","action":"Commit Request", "result":"", "context":Item count: 1
Contributing types: Sessions}
{"logTime": "0212/024117", "correlationVector":"rgsqdD1HIDZDyBykxgSeQm.1","action":"SyncServerConnectionManagerRequest", "result":"SYNC_SERVER_OK", "context":{"environment":"Prod_southeastasia_prod-s01-065-apac-southeastasia", "migrationStage":"NotStarted", "server":"akswtt004000000"}}
{"logTime": "0212/024117", "correlationVector":"rgsqdD1HIDZDyBykxgSeQm.2","action":"Commit Response", "result":"Success", "context":Result: Success. cV=rgsqdD1HIDZDyBykxgSeQm.0;server=akswtt004000000;cloudType=Consumer;environment=Prod_southeastasia_prod-s01-065-apac-southeastasia;migrationStage=NotStarted}
{"logTime": "0212/024303", "correlationVector":"uvAAuGAgqpsFhT6ej3XBQ2","action":"Commit Request", "result":"", "context":Item count: 3
Contributing types: Sessions, History}
{"logTime": "0212/024304", "correlationVector":"uvAAuGAgqpsFhT6ej3XBQ2.1","action":"SyncServerConnectionManagerRequest", "result":"SYNC_SERVER_OK", "context":{"environment":"Prod_southeastasia_prod-s01-064-apac-southeastasia", "migrationStage":"NotStarted", "server":"akswtt004000028"}}
{"logTime": "0212/024304", "correlationVector":"uvAAuGAgqpsFhT6ej3XBQ2.2","action":"Commit Response", "result":"Success", "context":Result: Success. cV=uvAAuGAgqpsFhT6ej3XBQ2.0;server=akswtt004000028;cloudType=Consumer;environment=Prod_southeastasia_prod-s01-064-apac-southeastasia;migrationStage=NotStarted}
{"logTime": "0212/025259", "correlationVector":"BnR2ersMXmH+lgPy/oqXim","action":"Commit Request", "result":"", "context":Item count: 1
Contributing types: Sessions}
{"logTime": "0212/025300", "correlationVector":"BnR2ersMXmH+lgPy/oqXim.1","action":"SyncServerConnectionManagerRequest", "result":"SYNC_SERVER_OK", "context":{"environment":"Prod_southeastasia_prod-s01-064-apac-southeastasia", "migrationStage":"NotStarted", "server":"akswtt004000028"}}
{"logTime": "0212/025300", "correlationVector":"BnR2ersMXmH+lgPy/oqXim.2","action":"Commit Response", "result":"Success", "context":Result: Success. cV=BnR2ersMXmH+lgPy/oqXim.0;server=akswtt004000028;cloudType=Consumer;environment=Prod_southeastasia_prod-s01-064-apac-southeastasia;migrationStage=NotStarted}
{"logTime": "0212/033156", "correlationVector":"4HgysAh7ggGsB26qCwx7du.1","action":"SyncServerConnectionManagerRequest", "result":"SYNC_SERVER_OK", "context":{"environment":"Prod_southeastasia_prod-s01-064-apac-southeastasia", "migrationStage":"NotStarted", "server":"akswtt00400000b"}}
{"logTime": "0212/033156", "correlationVector":"4HgysAh7ggGsB26qCwx7du.2","action":"ProcessGetUpdates", "result":"Done", "context":{"dataType":"Encryption Keys", "deleted":"0", "process_failed_to_decrypt":"0", "process_pending_decryption":"0", "process_success":"1", "total":"1"}}
{"logTime": "0212/033157", "correlationVector":"hDZPqienAr5km20jNv8iAB","action":"SyncServerConnectionManagerRequest", "result":"SYNC_SERVER_OK", "context":{"environment":"", "migrationStage":"", "server":""}}
{"logTime": "0212/033157", "correlationVector":"4HgysAh7ggGsB26qCwx7du","action":"Initial GetUpdates", "result":"", "context":Reason: NEW_CLIENT. cV=4HgysAh7ggGsB26qCwx7du}
{"logTime": "0212/033157", "correlationVector":"4HgysAh7ggGsB26qCwx7du.3","action":"GetUpdates Response", "result":"Success", "context":Received 1 update(s). cV=4HgysAh7ggGsB26qCwx7du.0;server=akswtt00400000b;cloudType=Consumer;environment=Prod_southeastasia_prod-s01-064-apac-southeastasia;migrationStage=NotStarted}
{"logTime": "0212/033157", "correlationVector":"YNoWTfL8D5QSAFiotL8zcV","action":"Initial GetUpdates", "result":"", "context":Reason: NEWLY_SUPPORTED_DATATYPE. cV=YNoWTfL8D5QSAFiotL8zcV}
{"logTime": "0212/033158", "correlationVector":"YNoWTfL8D5QSAFiotL8zcV.1","action":"SyncServerConnectionManagerRequest", "result":"SYNC_SERVER_OK", "context":{"environment":"Prod_southeastasia_prod-s01-065-apac-southeastasia", "migrationStage":"NotStarted", "server":"akswtt00400000d"}}
{"logTime": "0212/033158", "correlationVector":"YNoWTfL8D5QSAFiotL8zcV.2","action":"ProcessGetUpdates", "result":"Done", "context":{"dataType":"Passwords", "deleted":"3", "process_failed_to_decrypt":"0", "process_pending_decryption":"0", "process_success":"19", "total":"19"}}
{"logTime": "0212/033158", "correlationVector":"YNoWTfL8D5QSAFiotL8zcV.3","action":"GetUpdates Response", "result":"Success", "context":Received 19 update(s). cV=YNoWTfL8D5QSAFiotL8zcV.0;server=akswtt00400000d;cloudType=Consumer;environment=Prod_southeastasia_prod-s01-065-apac-southeastasia;migrationStage=NotStarted}
{"logTime": "0212/033158", "correlationVector":"rc3bDeI6NnFqKEN3u1YDe4","action":"Normal GetUpdate request", "result":"", "context":cV=rc3bDeI6NnFqKEN3u1YDe4
Nudged types: Sessions, History
Refresh requested types: Bookmarks, Preferences, Passwords, Autofill Profiles, Autofill, Extensions, Sessions, Extension settings, History Delete Directives, Device Info, User Consents, Send Tab To Self, Web Apps, History, Collection, Edge E Drop, Edge Hub App Usage, Edge Tab Group, Edge Wallet, Encryption Keys}
{"logTime": "0212/033159", "correlationVector":"rc3bDeI6NnFqKEN3u1YDe4.1","action":"SyncServerConnectionManagerRequest", "result":"SYNC_SERVER_OK", "context":{"environment":"Prod_southeastasia_prod-s01-065-apac-southeastasia", "migrationStage":"NotStarted", "server":"akswtt00400002e"}}
{"logTime": "0212/033159", "correlationVector":"rc3bDeI6NnFqKEN3u1YDe4.2","action":"ProcessGetUpdates", "result":"Done", "context":{"dataType":"Preferences", "deleted":"0", "process_failed_to_decrypt":"0", "process_pending_decryption":"0", "process_success":"1", "total":"1"}}
{"logTime": "0212/033159", "correlationVector":"rc3bDeI6NnFqKEN3u1YDe4.3","action":"ProcessGetUpdates", "result":"Done", "context":{"dataType":"Sessions", "deleted":"1", "process_failed_to_decrypt":"0", "process_pending_decryption":"0", "process_success":"3", "total":"3"}}
{"logTime": "0212/033159", "correlationVector":"rc3bDeI6NnFqKEN3u1YDe4.4","action":"ProcessGetUpdates", "result":"Done", "context":{"dataType":"History", "deleted":"0", "process_failed_to_decrypt":"0", "process_pending_decryption":"0", "process_success":"3", "total":"3"}}
{"logTime": "0212/033159", "correlationVector":"rc3bDeI6NnFqKEN3u1YDe4.5","action":"GetUpdates Response", "result":"Success", "context":Received 7 update(s). cV=rc3bDeI6NnFqKEN3u1YDe4.0;server=akswtt00400002e;cloudType=Consumer;environment=Prod_southeastasia_prod-s01-065-apac-southeastasia;migrationStage=NotStarted}
{"logTime": "0212/033159", "correlationVector":"2tkFxFios4jRHJQZmZw5OC","action":"Commit Request", "result":"", "context":Item count: 4
Contributing types: Sessions, History}
{"logTime": "0212/033200", "correlationVector":"2tkFxFios4jRHJQZmZw5OC.1","action":"SyncServerConnectionManagerRequest", "result":"SYNC_SERVER_OK", "context":{"environment":"Prod_southeastasia_prod-s01-065-apac-southeastasia", "migrationStage":"NotStarted", "server":"akswtt004000011"}}
{"logTime": "0212/033200", "correlationVector":"2tkFxFios4jRHJQZmZw5OC.3","action":"Commit.Sessions", "result":"Success", "context":{"id":"144ad4dc-9fa2-4265-965e-31d2535bb8fa", "isDeleted":"true", "size":"0", "version":"1739328779467"}}
{"logTime": "0212/033200", "correlationVector":"2tkFxFios4jRHJQZmZw5OC.2","action":"Commit Response", "result":"Success", "context":Result: Success. cV=2tkFxFios4jRHJQZmZw5OC.0;server=akswtt004000011;cloudType=Consumer;environment=Prod_southeastasia_prod-s01-065-apac-southeastasia;migrationStage=NotStarted}
{"logTime": "0212/033202", "correlationVector":"SkwYgAx7hKpUJI59rpVDS2","action":"Commit Request", "result":"", "context":Item count: 1
Contributing types: Preferences}
{"logTime": "0212/033203", "correlationVector":"SkwYgAx7hKpUJI59rpVDS2.1","action":"SyncServerConnectionManagerRequest", "result":"SYNC_SERVER_OK", "context":{"environment":"Prod_southeastasia_prod-s01-065-apac-southeastasia", "migrationStage":"NotStarted", "server":"akswtt004000023"}}
{"logTime": "0212/033203", "correlationVector":"SkwYgAx7hKpUJI59rpVDS2.2","action":"Commit Response", "result":"Success", "context":Result: Success. cV=SkwYgAx7hKpUJI59rpVDS2.0;server=akswtt004000023;cloudType=Consumer;environment=Prod_southeastasia_prod-s01-065-apac-southeastasia;migrationStage=NotStarted}
{"logTime": "0212/033304", "correlationVector":"ow1fr0UxKKP8lVV4YLHU1/","action":"Commit Request", "result":"", "context":Item count: 2
Contributing types: Sessions, History}
{"logTime": "0212/033305", "correlationVector":"ow1fr0UxKKP8lVV4YLHU1/.1","action":"SyncServerConnectionManagerRequest", "result":"SYNC_SERVER_OK", "context":{"environment":"Prod_southeastasia_prod-s01-064-apac-southeastasia", "migrationStage":"NotStarted", "server":"akswtt004000001"}}
{"logTime": "0212/033305", "correlationVector":"ow1fr0UxKKP8lVV4YLHU1/.2","action":"Commit Response", "result":"Success", "context":Result: Success. cV=ow1fr0UxKKP8lVV4YLHU1/.0;server=akswtt004000001;cloudType=Consumer;environment=Prod_southeastasia_prod-s01-064-apac-southeastasia;migrationStage=NotStarted}
{"logTime": "0212/035046", "correlationVector":"K0MJCYTwMCDZ5CUneVvDJ6","action":"Commit Request", "result":"", "context":Item count: 1
Contributing types: Sessions}
{"logTime": "0212/035046", "correlationVector":"K0MJCYTwMCDZ5CUneVvDJ6.1","action":"SyncServerConnectionManagerRequest", "result":"SYNC_SERVER_OK", "context":{"environment":"Prod_southeastasia_prod-s01-064-apac-southeastasia", "migrationStage":"NotStarted", "server":"akswtt004000042"}}
{"logTime": "0212/035046", "correlationVector":"K0MJCYTwMCDZ5CUneVvDJ6.2","action":"Commit Response", "result":"Success", "context":Result: Success. cV=K0MJCYTwMCDZ5CUneVvDJ6.0;server=akswtt004000042;cloudType=Consumer;environment=Prod_southeastasia_prod-s01-064-apac-southeastasia;migrationStage=NotStarted}
{"logTime": "0212/035328", "correlationVector":"hG1NJq0XkXRCc9ctmM6cA+","action":"Commit Request", "result":"", "context":Item count: 4
Contributing types: Sessions, History}
{"logTime": "0212/035329", "correlationVector":"hG1NJq0XkXRCc9ctmM6cA+.1","action":"SyncServerConnectionManagerRequest", "result":"SYNC_SERVER_OK", "context":{"environment":"Prod_southeastasia_prod-s01-064-apac-southeastasia", "migrationStage":"NotStarted", "server":"akswtt004000032"}}
{"logTime": "0212/035329", "correlationVector":"hG1NJq0XkXRCc9ctmM6cA+.2","action":"Commit Response", "result":"Success", "context":Result: Success. cV=hG1NJq0XkXRCc9ctmM6cA+.0;server=akswtt004000032;cloudType=Consumer;environment=Prod_southeastasia_prod-s01-064-apac-southeastasia;migrationStage=NotStarted}
{"logTime": "0212/035439", "correlationVector":"XfJyEVzRkx5qZRid9O8fqu","action":"Commit Request", "result":"", "context":Item count: 5
Contributing types: Sessions, History}
{"logTime": "0212/035440", "correlationVector":"XfJyEVzRkx5qZRid9O8fqu.1","action":"SyncServerConnectionManagerRequest", "result":"SYNC_SERVER_OK", "context":{"environment":"Prod_southeastasia_prod-s01-064-apac-southeastasia", "migrationStage":"NotStarted", "server":"akswtt00400002w"}}
{"logTime": "0212/035440", "correlationVector":"XfJyEVzRkx5qZRid9O8fqu.2","action":"Commit Response", "result":"Success", "context":Result: Success. cV=XfJyEVzRkx5qZRid9O8fqu.0;server=akswtt00400002w;cloudType=Consumer;environment=Prod_southeastasia_prod-s01-064-apac-southeastasia;migrationStage=NotStarted}
{"logTime": "0212/035940", "correlationVector":"7ZcbH8yCcnUKklVtjLbmFk","action":"Commit Request", "result":"", "context":Item count: 4
Contributing types: Sessions, History}
{"logTime": "0212/035941", "correlationVector":"7ZcbH8yCcnUKklVtjLbmFk.1","action":"SyncServerConnectionManagerRequest", "result":"SYNC_SERVER_OK", "context":{"environment":"Prod_southeastasia_prod-s01-064-apac-southeastasia", "migrationStage":"NotStarted", "server":"akswtt00400002o"}}
{"logTime": "0212/035941", "correlationVector":"7ZcbH8yCcnUKklVtjLbmFk.2","action":"Commit Response", "result":"Success", "context":Result: Success. cV=7ZcbH8yCcnUKklVtjLbmFk.0;server=akswtt00400002o;cloudType=Consumer;environment=Prod_southeastasia_prod-s01-064-apac-southeastasia;migrationStage=NotStarted}
{"logTime": "0212/040334", "correlationVector":"4UPxSWrH8j49ASqlzGuh7n","action":"Commit Request", "result":"", "context":Item count: 1
Contributing types: Sessions}
{"logTime": "0212/040334", "correlationVector":"4UPxSWrH8j49ASqlzGuh7n.1","action":"SyncServerConnectionManagerRequest", "result":"SYNC_SERVER_OK", "context":{"environment":"Prod_southeastasia_prod-s01-064-apac-southeastasia", "migrationStage":"NotStarted", "server":"akswtt00400000z"}}
{"logTime": "0212/040334", "correlationVector":"4UPxSWrH8j49ASqlzGuh7n.2","action":"Commit Response", "result":"Success", "context":Result: Success. cV=4UPxSWrH8j49ASqlzGuh7n.0;server=akswtt00400000z;cloudType=Consumer;environment=Prod_southeastasia_prod-s01-064-apac-southeastasia;migrationStage=NotStarted}
{"logTime": "0212/041953", "correlationVector":"s8x3WwS5jR5HjbIWAgVQ5u","action":"Commit Request", "result":"", "context":Item count: 1
Contributing types: Sessions}
{"logTime": "0212/041954", "correlationVector":"s8x3WwS5jR5HjbIWAgVQ5u.1","action":"SyncServerConnectionManagerRequest", "result":"SYNC_SERVER_OK", "context":{"environment":"Prod_southeastasia_prod-s01-065-apac-southeastasia", "migrationStage":"NotStarted", "server":"akswtt004000028"}}
{"logTime": "0212/041954", "correlationVector":"s8x3WwS5jR5HjbIWAgVQ5u.2","action":"Commit Response", "result":"Success", "context":Result: Success. cV=s8x3WwS5jR5HjbIWAgVQ5u.0;server=akswtt004000028;cloudType=Consumer;environment=Prod_southeastasia_prod-s01-065-apac-southeastasia;migrationStage=NotStarted}
{"logTime": "0212/050033", "correlationVector":"B3ms7K6o/02rn0uABNScJk","action":"Commit Request", "result":"", "context":Item count: 1
Contributing types: Sessions}
{"logTime": "0212/050033", "correlationVector":"B3ms7K6o/02rn0uABNScJk","action":"SyncServerConnectionManagerRequest", "result":"CONNECTION_UNAVAILABLE", "context":{"error_type":"net_error_code", "error_value":"-106"}}
{"logTime": "0212/050033", "correlationVector":"L/2khVe+rgGT+82JZoHHgu.0","action":"Commit Response", "result":"Network error (ERR_INTERNET_DISCONNECTED)", "context":Result: Network error (ERR_INTERNET_DISCONNECTED). }
{"logTime": "0212/050118", "correlationVector":"A3YUxYhHuteQbst+WjKxlo","action":"Commit Request", "result":"", "context":Item count: 1
Contributing types: Sessions}
{"logTime": "0212/050118", "correlationVector":"A3YUxYhHuteQbst+WjKxlo","action":"SyncServerConnectionManagerRequest", "result":"CONNECTION_UNAVAILABLE", "context":{"error_type":"net_error_code", "error_value":"-106"}}
{"logTime": "0212/050118", "correlationVector":"BNy27nPwAE6CX9a4u6MSvq.0","action":"Commit Response", "result":"Network error (ERR_INTERNET_DISCONNECTED)", "context":Result: Network error (ERR_INTERNET_DISCONNECTED). }
{"logTime": "0212/050226", "correlationVector":"aaRVV4RWUCCrYwIZ+95ZB6","action":"Commit Request", "result":"", "context":Item count: 1
Contributing types: Sessions}
{"logTime": "0212/050226", "correlationVector":"aaRVV4RWUCCrYwIZ+95ZB6","action":"SyncServerConnectionManagerRequest", "result":"CONNECTION_UNAVAILABLE", "context":{"error_type":"net_error_code", "error_value":"-106"}}
{"logTime": "0212/050226", "correlationVector":"5upi291f0sxr7BdEYXRjUK.0","action":"Commit Response", "result":"Network error (ERR_INTERNET_DISCONNECTED)", "context":Result: Network error (ERR_INTERNET_DISCONNECTED). }
{"logTime": "0212/061418", "correlationVector":"pyrQpuq4q4Jzwk0FzGDz2D","action":"Commit Request", "result":"", "context":Item count: 1
Contributing types: Sessions}
{"logTime": "0212/061418", "correlationVector":"pyrQpuq4q4Jzwk0FzGDz2D","action":"SyncServerConnectionManagerRequest", "result":"CONNECTION_UNAVAILABLE", "context":{"error_type":"net_error_code", "error_value":"-106"}}
{"logTime": "0212/061418", "correlationVector":"BDxIoFFJj5uYp1lHZRLEqJ.0","action":"Commit Response", "result":"Network error (ERR_INTERNET_DISCONNECTED)", "context":Result: Network error (ERR_INTERNET_DISCONNECTED). }
{"logTime": "0212/070015", "correlationVector":"++7H/8B1fdyZePPHOnE9Zy.1","action":"SyncServerConnectionManagerRequest", "result":"SYNC_SERVER_OK", "context":{"environment":"Prod_southeastasia_prod-s01-065-apac-southeastasia", "migrationStage":"NotStarted", "server":"akswtt00400000x"}}
{"logTime": "0212/070015", "correlationVector":"++7H/8B1fdyZePPHOnE9Zy.2","action":"ProcessGetUpdates", "result":"Done", "context":{"dataType":"Encryption Keys", "deleted":"0", "process_failed_to_decrypt":"0", "process_pending_decryption":"0", "process_success":"1", "total":"1"}}
{"logTime": "0212/070018", "correlationVector":"4JytOUvHExRJUDzQy5LV+W","action":"SyncServerConnectionManagerRequest", "result":"SYNC_SERVER_OK", "context":{"environment":"", "migrationStage":"", "server":""}}
{"logTime": "0212/070018", "correlationVector":"++7H/8B1fdyZePPHOnE9Zy","action":"Initial GetUpdates", "result":"", "context":Reason: NEW_CLIENT. cV=++7H/8B1fdyZePPHOnE9Zy}
{"logTime": "0212/070018", "correlationVector":"++7H/8B1fdyZePPHOnE9Zy.3","action":"GetUpdates Response", "result":"Success", "context":Received 1 update(s). cV=++7H/8B1fdyZePPHOnE9Zy.0;server=akswtt00400000x;cloudType=Consumer;environment=Prod_southeastasia_prod-s01-065-apac-southeastasia;migrationStage=NotStarted}
{"logTime": "0212/070018", "correlationVector":"V7ZlZeB7z7d2hauPeZV3Xg","action":"Initial GetUpdates", "result":"", "context":Reason: NEWLY_SUPPORTED_DATATYPE. cV=V7ZlZeB7z7d2hauPeZV3Xg}
{"logTime": "0212/070021", "correlationVector":"V7ZlZeB7z7d2hauPeZV3Xg.1","action":"SyncServerConnectionManagerRequest", "result":"SYNC_SERVER_OK", "context":{"environment":"Prod_southeastasia_prod-s01-065-apac-southeastasia", "migrationStage":"NotStarted", "server":"akswtt00400002c"}}
{"logTime": "0212/070021", "correlationVector":"V7ZlZeB7z7d2hauPeZV3Xg.2","action":"ProcessGetUpdates", "result":"Done", "context":{"dataType":"Passwords", "deleted":"3", "process_failed_to_decrypt":"0", "process_pending_decryption":"0", "process_success":"19", "total":"19"}}
{"logTime": "0212/070021", "correlationVector":"V7ZlZeB7z7d2hauPeZV3Xg.3","action":"GetUpdates Response", "result":"Success", "context":Received 19 update(s). cV=V7ZlZeB7z7d2hauPeZV3Xg.0;server=akswtt00400002c;cloudType=Consumer;environment=Prod_southeastasia_prod-s01-065-apac-southeastasia;migrationStage=NotStarted}
{"logTime": "0212/070021", "correlationVector":"zqXaBXuQs7qi4KDB5tXZ+X","action":"Normal GetUpdate request", "result":"", "context":cV=zqXaBXuQs7qi4KDB5tXZ+X
Nudged types: Sessions, History
Refresh requested types: Bookmarks, Preferences, Passwords, Autofill Profiles, Autofill, Extensions, Sessions, Extension settings, History Delete Directives, Device Info, User Consents, Send Tab To Self, Web Apps, History, Collection, Edge E Drop, Edge Hub App Usage, Edge Tab Group, Edge Wallet, Encryption Keys}
{"logTime": "0212/070022", "correlationVector":"zqXaBXuQs7qi4KDB5tXZ+X.1","action":"SyncServerConnectionManagerRequest", "result":"SYNC_SERVER_OK", "context":{"environment":"Prod_southeastasia_prod-s01-065-apac-southeastasia", "migrationStage":"NotStarted", "server":"akswtt00400000r"}}
{"logTime": "0212/070022", "correlationVector":"zqXaBXuQs7qi4KDB5tXZ+X.2","action":"ProcessGetUpdates", "result":"Done", "context":{"dataType":"Preferences", "deleted":"0", "process_failed_to_decrypt":"0", "process_pending_decryption":"0", "process_success":"1", "total":"1"}}
{"logTime": "0212/070022", "correlationVector":"zqXaBXuQs7qi4KDB5tXZ+X.3","action":"ProcessGetUpdates", "result":"Done", "context":{"dataType":"Sessions", "deleted":"1", "process_failed_to_decrypt":"0", "process_pending_decryption":"0", "process_success":"3", "total":"3"}}
{"logTime": "0212/070022", "correlationVector":"zqXaBXuQs7qi4KDB5tXZ+X.4","action":"ProcessGetUpdates", "result":"Done", "context":{"dataType":"History", "deleted":"0", "process_failed_to_decrypt":"0", "process_pending_decryption":"0", "process_success":"7", "total":"7"}}
{"logTime": "0212/070022", "correlationVector":"zqXaBXuQs7qi4KDB5tXZ+X.5","action":"GetUpdates Response", "result":"Success", "context":Received 11 update(s). cV=zqXaBXuQs7qi4KDB5tXZ+X.0;server=akswtt00400000r;cloudType=Consumer;environment=Prod_southeastasia_prod-s01-065-apac-southeastasia;migrationStage=NotStarted}
{"logTime": "0212/070022", "correlationVector":"FNTnSeDHhSh+Vi/M/EJnCo","action":"Commit Request", "result":"", "context":Item count: 4
Contributing types: Sessions, History}
{"logTime": "0212/070023", "correlationVector":"FNTnSeDHhSh+Vi/M/EJnCo.1","action":"SyncServerConnectionManagerRequest", "result":"SYNC_SERVER_OK", "context":{"environment":"Prod_southeastasia_prod-s01-065-apac-southeastasia", "migrationStage":"NotStarted", "server":"akswtt00400001u"}}
{"logTime": "0212/070023", "correlationVector":"FNTnSeDHhSh+Vi/M/EJnCo.2","action":"Commit Response", "result":"Success", "context":Result: Success. cV=FNTnSeDHhSh+Vi/M/EJnCo.0;server=akswtt00400001u;cloudType=Consumer;environment=Prod_southeastasia_prod-s01-065-apac-southeastasia;migrationStage=NotStarted}
{"logTime": "0212/070023", "correlationVector":"FNTnSeDHhSh+Vi/M/EJnCo.3","action":"Commit.Sessions", "result":"Success", "context":{"id":"99edc71a-0aa5-4297-b7e3-498f2f7fce55", "isDeleted":"true", "size":"0", "version":"1739333993282"}}
{"logTime": "0212/070025", "correlationVector":"bmMaRW5piYY+bELywM2ET3","action":"Commit Request", "result":"", "context":Item count: 1
Contributing types: Preferences}
{"logTime": "0212/070026", "correlationVector":"bmMaRW5piYY+bELywM2ET3.1","action":"SyncServerConnectionManagerRequest", "result":"SYNC_SERVER_OK", "context":{"environment":"Prod_southeastasia_prod-s01-065-apac-southeastasia", "migrationStage":"NotStarted", "server":"akswtt00400002c"}}
{"logTime": "0212/070026", "correlationVector":"bmMaRW5piYY+bELywM2ET3.2","action":"Commit Response", "result":"Success", "context":Result: Success. cV=bmMaRW5piYY+bELywM2ET3.0;server=akswtt00400002c;cloudType=Consumer;environment=Prod_southeastasia_prod-s01-065-apac-southeastasia;migrationStage=NotStarted}
{"logTime": "0212/070127", "correlationVector":"QtSc/yXwRbinwxZGdjJgdw","action":"Commit Request", "result":"", "context":Item count: 2
Contributing types: Sessions, History}
{"logTime": "0212/070129", "correlationVector":"QtSc/yXwRbinwxZGdjJgdw.1","action":"SyncServerConnectionManagerRequest", "result":"SYNC_SERVER_OK", "context":{"environment":"Prod_southeastasia_prod-s01-065-apac-southeastasia", "migrationStage":"NotStarted", "server":"akswtt004000023"}}
{"logTime": "0212/070129", "correlationVector":"QtSc/yXwRbinwxZGdjJgdw.2","action":"Commit Response", "result":"Success", "context":Result: Success. cV=QtSc/yXwRbinwxZGdjJgdw.0;server=akswtt004000023;cloudType=Consumer;environment=Prod_southeastasia_prod-s01-065-apac-southeastasia;migrationStage=NotStarted}
{"logTime": "0212/070305", "correlationVector":"LzV5GushIDKZRM4Ux8/CJy","action":"Commit Request", "result":"", "context":Item count: 1
Contributing types: History}
{"logTime": "0212/070306", "correlationVector":"LzV5GushIDKZRM4Ux8/CJy.1","action":"SyncServerConnectionManagerRequest", "result":"SYNC_SERVER_OK", "context":{"environment":"Prod_southeastasia_prod-s01-064-apac-southeastasia", "migrationStage":"NotStarted", "server":"akswtt00400001d"}}
{"logTime": "0212/070306", "correlationVector":"LzV5GushIDKZRM4Ux8/CJy.2","action":"Commit Response", "result":"Success", "context":Result: Success. cV=LzV5GushIDKZRM4Ux8/CJy.0;server=akswtt00400001d;cloudType=Consumer;environment=Prod_southeastasia_prod-s01-064-apac-southeastasia;migrationStage=NotStarted}
{"logTime": "0212/071254", "correlationVector":"X4Rst4VWaDH38jKJTAjm/X","action":"Commit Request", "result":"", "context":Item count: 1
Contributing types: Sessions}
{"logTime": "0212/071255", "correlationVector":"X4Rst4VWaDH38jKJTAjm/X.1","action":"SyncServerConnectionManagerRequest", "result":"SYNC_SERVER_OK", "context":{"environment":"Prod_southeastasia_prod-s01-064-apac-southeastasia", "migrationStage":"NotStarted", "server":"akswtt004000038"}}
{"logTime": "0212/071255", "correlationVector":"X4Rst4VWaDH38jKJTAjm/X.2","action":"Commit Response", "result":"Success", "context":Result: Success. cV=X4Rst4VWaDH38jKJTAjm/X.0;server=akswtt004000038;cloudType=Consumer;environment=Prod_southeastasia_prod-s01-064-apac-southeastasia;migrationStage=NotStarted}
{"logTime": "0212/081434", "correlationVector":"kWbcidBNUL1BA0YBGzlqVg.1","action":"SyncServerConnectionManagerRequest", "result":"SYNC_SERVER_OK", "context":{"environment":"Prod_southeastasia_prod-s01-064-apac-southeastasia", "migrationStage":"NotStarted", "server":"akswtt00400002s"}}
{"logTime": "0212/081434", "correlationVector":"kWbcidBNUL1BA0YBGzlqVg.2","action":"ProcessGetUpdates", "result":"Done", "context":{"dataType":"Encryption Keys", "deleted":"0", "process_failed_to_decrypt":"0", "process_pending_decryption":"0", "process_success":"1", "total":"1"}}
{"logTime": "0212/081436", "correlationVector":"IkvRTMMuhb9GwenJ8PIftv","action":"SyncServerConnectionManagerRequest", "result":"SYNC_SERVER_OK", "context":{"environment":"", "migrationStage":"", "server":""}}
{"logTime": "0212/081436", "correlationVector":"kWbcidBNUL1BA0YBGzlqVg","action":"Initial GetUpdates", "result":"", "context":Reason: NEW_CLIENT. cV=kWbcidBNUL1BA0YBGzlqVg}
{"logTime": "0212/081436", "correlationVector":"kWbcidBNUL1BA0YBGzlqVg.3","action":"GetUpdates Response", "result":"Success", "context":Received 1 update(s). cV=kWbcidBNUL1BA0YBGzlqVg.0;server=akswtt00400002s;cloudType=Consumer;environment=Prod_southeastasia_prod-s01-064-apac-southeastasia;migrationStage=NotStarted}
{"logTime": "0212/081436", "correlationVector":"tGJFld74FuNogeriLJCcyq","action":"Initial GetUpdates", "result":"", "context":Reason: NEWLY_SUPPORTED_DATATYPE. cV=tGJFld74FuNogeriLJCcyq}
{"logTime": "0212/081437", "correlationVector":"tGJFld74FuNogeriLJCcyq.1","action":"SyncServerConnectionManagerRequest", "result":"SYNC_SERVER_OK", "context":{"environment":"Prod_southeastasia_prod-s01-065-apac-southeastasia", "migrationStage":"NotStarted", "server":"akswtt00400000c"}}
{"logTime": "0212/081437", "correlationVector":"tGJFld74FuNogeriLJCcyq.2","action":"ProcessGetUpdates", "result":"Done", "context":{"dataType":"Passwords", "deleted":"3", "process_failed_to_decrypt":"0", "process_pending_decryption":"0", "process_success":"19", "total":"19"}}
{"logTime": "0212/081437", "correlationVector":"tGJFld74FuNogeriLJCcyq.3","action":"GetUpdates Response", "result":"Success", "context":Received 19 update(s). cV=tGJFld74FuNogeriLJCcyq.0;server=akswtt00400000c;cloudType=Consumer;environment=Prod_southeastasia_prod-s01-065-apac-southeastasia;migrationStage=NotStarted}
{"logTime": "0212/081437", "correlationVector":"ctiTaUpY9/rvLQtqqiWmYb","action":"Normal GetUpdate request", "result":"", "context":cV=ctiTaUpY9/rvLQtqqiWmYb
Nudged types: Sessions, History
Refresh requested types: Bookmarks, Preferences, Passwords, Autofill Profiles, Autofill, Extensions, Sessions, Extension settings, History Delete Directives, Device Info, User Consents, Send Tab To Self, Web Apps, History, Collection, Edge E Drop, Edge Hub App Usage, Edge Tab Group, Edge Wallet, Encryption Keys}
{"logTime": "0212/081438", "correlationVector":"ctiTaUpY9/rvLQtqqiWmYb.1","action":"SyncServerConnectionManagerRequest", "result":"SYNC_SERVER_OK", "context":{"environment":"Prod_southeastasia_prod-s01-065-apac-southeastasia", "migrationStage":"NotStarted", "server":"akswtt00400000m"}}
{"logTime": "0212/081438", "correlationVector":"ctiTaUpY9/rvLQtqqiWmYb.2","action":"ProcessGetUpdates", "result":"Done", "context":{"dataType":"Preferences", "deleted":"0", "process_failed_to_decrypt":"0", "process_pending_decryption":"0", "process_success":"1", "total":"1"}}
{"logTime": "0212/081438", "correlationVector":"ctiTaUpY9/rvLQtqqiWmYb.3","action":"ProcessGetUpdates", "result":"Done", "context":{"dataType":"Sessions", "deleted":"1", "process_failed_to_decrypt":"0", "process_pending_decryption":"0", "process_success":"3", "total":"3"}}
{"logTime": "0212/081438", "correlationVector":"ctiTaUpY9/rvLQtqqiWmYb.4","action":"ProcessGetUpdates", "result":"Done", "context":{"dataType":"History", "deleted":"0", "process_failed_to_decrypt":"0", "process_pending_decryption":"0", "process_success":"2", "total":"2"}}
{"logTime": "0212/081438", "correlationVector":"ctiTaUpY9/rvLQtqqiWmYb.5","action":"GetUpdates Response", "result":"Success", "context":Received 6 update(s). cV=ctiTaUpY9/rvLQtqqiWmYb.0;server=akswtt00400000m;cloudType=Consumer;environment=Prod_southeastasia_prod-s01-065-apac-southeastasia;migrationStage=NotStarted}
{"logTime": "0212/081438", "correlationVector":"JNmiVO+6h/hJbt3D7wut8G","action":"Commit Request", "result":"", "context":Item count: 4
Contributing types: Sessions, History}
{"logTime": "0212/081438", "correlationVector":"JNmiVO+6h/hJbt3D7wut8G.1","action":"SyncServerConnectionManagerRequest", "result":"SYNC_SERVER_OK", "context":{"environment":"Prod_southeastasia_prod-s01-065-apac-southeastasia", "migrationStage":"NotStarted", "server":"akswtt00400000e"}}
{"logTime": "0212/081438", "correlationVector":"JNmiVO+6h/hJbt3D7wut8G.2","action":"Commit Response", "result":"Success", "context":Result: Success. cV=JNmiVO+6h/hJbt3D7wut8G.0;server=akswtt00400000e;cloudType=Consumer;environment=Prod_southeastasia_prod-s01-065-apac-southeastasia;migrationStage=NotStarted}
{"logTime": "0212/081438", "correlationVector":"JNmiVO+6h/hJbt3D7wut8G.3","action":"Commit.Sessions", "result":"Success", "context":{"id":"02e2b68d-f5c6-4857-9fa7-76402cdb1b49", "isDeleted":"true", "size":"0", "version":"1739344374253"}}
{"logTime": "0212/081440", "correlationVector":"jTBFw57WzIpNsbQXVI1EQH","action":"Commit Request", "result":"", "context":Item count: 1
Contributing types: Preferences}
{"logTime": "0212/081441", "correlationVector":"jTBFw57WzIpNsbQXVI1EQH.1","action":"SyncServerConnectionManagerRequest", "result":"SYNC_SERVER_OK", "context":{"environment":"Prod_southeastasia_prod-s01-064-apac-southeastasia", "migrationStage":"NotStarted", "server":"akswtt004000028"}}
{"logTime": "0212/081441", "correlationVector":"jTBFw57WzIpNsbQXVI1EQH.2","action":"Commit Response", "result":"Success", "context":Result: Success. cV=jTBFw57WzIpNsbQXVI1EQH.0;server=akswtt004000028;cloudType=Consumer;environment=Prod_southeastasia_prod-s01-064-apac-southeastasia;migrationStage=NotStarted}
{"logTime": "0212/081541", "correlationVector":"UhhexfC6rU1i+3HlHdV5E3","action":"Commit Request", "result":"", "context":Item count: 2
Contributing types: Sessions, History}
{"logTime": "0212/081542", "correlationVector":"UhhexfC6rU1i+3HlHdV5E3.1","action":"SyncServerConnectionManagerRequest", "result":"SYNC_SERVER_OK", "context":{"environment":"Prod_southeastasia_prod-s01-065-apac-southeastasia", "migrationStage":"NotStarted", "server":"akswtt004000008"}}
{"logTime": "0212/081542", "correlationVector":"UhhexfC6rU1i+3HlHdV5E3.2","action":"Commit Response", "result":"Success", "context":Result: Success. cV=UhhexfC6rU1i+3HlHdV5E3.0;server=akswtt004000008;cloudType=Consumer;environment=Prod_southeastasia_prod-s01-065-apac-southeastasia;migrationStage=NotStarted}
{"logTime": "0212/081713", "correlationVector":"u46ytUr1X8azDY/GJDdf49","action":"Commit Request", "result":"", "context":Item count: 1
Contributing types: Sessions}
{"logTime": "0212/081713", "correlationVector":"u46ytUr1X8azDY/GJDdf49.1","action":"SyncServerConnectionManagerRequest", "result":"SYNC_SERVER_OK", "context":{"environment":"Prod_southeastasia_prod-s01-064-apac-southeastasia", "migrationStage":"NotStarted", "server":"akswtt00400001h"}}
{"logTime": "0212/081713", "correlationVector":"u46ytUr1X8azDY/GJDdf49.2","action":"Commit Response", "result":"Success", "context":Result: Success. cV=u46ytUr1X8azDY/GJDdf49.0;server=akswtt00400001h;cloudType=Consumer;environment=Prod_southeastasia_prod-s01-064-apac-southeastasia;migrationStage=NotStarted}
{"logTime": "0212/082314", "correlationVector":"1YSiPOuN5sNDXnI007i8yx.1","action":"SyncServerConnectionManagerRequest", "result":"SYNC_SERVER_OK", "context":{"environment":"Prod_southeastasia_prod-s01-064-apac-southeastasia", "migrationStage":"NotStarted", "server":"akswtt00400000m"}}
{"logTime": "0212/082314", "correlationVector":"1YSiPOuN5sNDXnI007i8yx.2","action":"ProcessGetUpdates", "result":"Done", "context":{"dataType":"Encryption Keys", "deleted":"0", "process_failed_to_decrypt":"0", "process_pending_decryption":"0", "process_success":"1", "total":"1"}}
{"logTime": "0212/082316", "correlationVector":"Ruj5Eu1qrMGtPXmTulmlk9","action":"SyncServerConnectionManagerRequest", "result":"SYNC_SERVER_OK", "context":{"environment":"", "migrationStage":"", "server":""}}
{"logTime": "0212/082316", "correlationVector":"1YSiPOuN5sNDXnI007i8yx","action":"Initial GetUpdates", "result":"", "context":Reason: NEW_CLIENT. cV=1YSiPOuN5sNDXnI007i8yx}
{"logTime": "0212/082316", "correlationVector":"1YSiPOuN5sNDXnI007i8yx.3","action":"GetUpdates Response", "result":"Success", "context":Received 1 update(s). cV=1YSiPOuN5sNDXnI007i8yx.0;server=akswtt00400000m;cloudType=Consumer;environment=Prod_southeastasia_prod-s01-064-apac-southeastasia;migrationStage=NotStarted}
{"logTime": "0212/082316", "correlationVector":"I3r3U7T7bhlO8rMZetpEMv","action":"Initial GetUpdates", "result":"", "context":Reason: NEWLY_SUPPORTED_DATATYPE. cV=I3r3U7T7bhlO8rMZetpEMv}
{"logTime": "0212/082317", "correlationVector":"I3r3U7T7bhlO8rMZetpEMv.1","action":"SyncServerConnectionManagerRequest", "result":"SYNC_SERVER_OK", "context":{"environment":"Prod_southeastasia_prod-s01-064-apac-southeastasia", "migrationStage":"NotStarted", "server":"akswtt004000002"}}
{"logTime": "0212/082317", "correlationVector":"I3r3U7T7bhlO8rMZetpEMv.2","action":"ProcessGetUpdates", "result":"Done", "context":{"dataType":"Passwords", "deleted":"3", "process_failed_to_decrypt":"0", "process_pending_decryption":"0", "process_success":"19", "total":"19"}}
{"logTime": "0212/082317", "correlationVector":"I3r3U7T7bhlO8rMZetpEMv.3","action":"GetUpdates Response", "result":"Success", "context":Received 19 update(s). cV=I3r3U7T7bhlO8rMZetpEMv.0;server=akswtt004000002;cloudType=Consumer;environment=Prod_southeastasia_prod-s01-064-apac-southeastasia;migrationStage=NotStarted}
{"logTime": "0212/082317", "correlationVector":"Gdg4zC0RUatU0eUL78SLjf","action":"Normal GetUpdate request", "result":"", "context":cV=Gdg4zC0RUatU0eUL78SLjf
Nudged types: Sessions, History
Refresh requested types: Bookmarks, Preferences, Passwords, Autofill Profiles, Autofill, Extensions, Sessions, Extension settings, History Delete Directives, Device Info, User Consents, Send Tab To Self, Web Apps, History, Collection, Edge E Drop, Edge Hub App Usage, Edge Tab Group, Edge Wallet, Encryption Keys}
{"logTime": "0212/082317", "correlationVector":"Gdg4zC0RUatU0eUL78SLjf.1","action":"SyncServerConnectionManagerRequest", "result":"SYNC_SERVER_OK", "context":{"environment":"Prod_southeastasia_prod-s01-064-apac-southeastasia", "migrationStage":"NotStarted", "server":"akswtt004000030"}}
{"logTime": "0212/082317", "correlationVector":"Gdg4zC0RUatU0eUL78SLjf.2","action":"ProcessGetUpdates", "result":"Done", "context":{"dataType":"Preferences", "deleted":"0", "process_failed_to_decrypt":"0", "process_pending_decryption":"0", "process_success":"1", "total":"1"}}
{"logTime": "0212/082317", "correlationVector":"Gdg4zC0RUatU0eUL78SLjf.3","action":"ProcessGetUpdates", "result":"Done", "context":{"dataType":"Sessions", "deleted":"1", "process_failed_to_decrypt":"0", "process_pending_decryption":"0", "process_success":"3", "total":"3"}}
{"logTime": "0212/082317", "correlationVector":"Gdg4zC0RUatU0eUL78SLjf.4","action":"ProcessGetUpdates", "result":"Done", "context":{"dataType":"History", "deleted":"0", "process_failed_to_decrypt":"0", "process_pending_decryption":"0", "process_success":"2", "total":"2"}}
{"logTime": "0212/082317", "correlationVector":"Gdg4zC0RUatU0eUL78SLjf.5","action":"GetUpdates Response", "result":"Success", "context":Received 6 update(s). cV=Gdg4zC0RUatU0eUL78SLjf.0;server=akswtt004000030;cloudType=Consumer;environment=Prod_southeastasia_prod-s01-064-apac-southeastasia;migrationStage=NotStarted}
{"logTime": "0212/082318", "correlationVector":"b+N+RR9MAqXLyaSGgvIEXR","action":"Commit Request", "result":"", "context":Item count: 4
Contributing types: Sessions, History}
{"logTime": "0212/082318", "correlationVector":"b+N+RR9MAqXLyaSGgvIEXR.1","action":"SyncServerConnectionManagerRequest", "result":"SYNC_SERVER_OK", "context":{"environment":"Prod_southeastasia_prod-s01-064-apac-southeastasia", "migrationStage":"NotStarted", "server":"akswtt004000026"}}
{"logTime": "0212/082318", "correlationVector":"b+N+RR9MAqXLyaSGgvIEXR.2","action":"Commit Response", "result":"Success", "context":Result: Success. cV=b+N+RR9MAqXLyaSGgvIEXR.0;server=akswtt004000026;cloudType=Consumer;environment=Prod_southeastasia_prod-s01-064-apac-southeastasia;migrationStage=NotStarted}
{"logTime": "0212/082318", "correlationVector":"b+N+RR9MAqXLyaSGgvIEXR.3","action":"Commit.Sessions", "result":"Success", "context":{"id":"33492cdf-260d-43fd-a897-4965f081129e", "isDeleted":"true", "size":"0", "version":"1739348232764"}}
{"logTime": "0212/082320", "correlationVector":"puf/+Sd3xDeOfon2p6vsu0","action":"Commit Request", "result":"", "context":Item count: 1
Contributing types: Preferences}
{"logTime": "0212/082321", "correlationVector":"puf/+Sd3xDeOfon2p6vsu0.1","action":"SyncServerConnectionManagerRequest", "result":"SYNC_SERVER_OK", "context":{"environment":"Prod_southeastasia_prod-s01-064-apac-southeastasia", "migrationStage":"NotStarted", "server":"akswtt00400001a"}}
{"logTime": "0212/082321", "correlationVector":"puf/+Sd3xDeOfon2p6vsu0.2","action":"Commit Response", "result":"Success", "context":Result: Success. cV=puf/+Sd3xDeOfon2p6vsu0.0;server=akswtt00400001a;cloudType=Consumer;environment=Prod_southeastasia_prod-s01-064-apac-southeastasia;migrationStage=NotStarted}
{"logTime": "0212/082421", "correlationVector":"D9GAJA6bFJJJrPcax53BmN","action":"Commit Request", "result":"", "context":Item count: 2
Contributing types: Sessions, History}
{"logTime": "0212/082422", "correlationVector":"D9GAJA6bFJJJrPcax53BmN.1","action":"SyncServerConnectionManagerRequest", "result":"SYNC_SERVER_OK", "context":{"environment":"Prod_southeastasia_prod-s01-064-apac-southeastasia", "migrationStage":"NotStarted", "server":"akswtt00400003f"}}
{"logTime": "0212/082422", "correlationVector":"D9GAJA6bFJJJrPcax53BmN.2","action":"Commit Response", "result":"Success", "context":Result: Success. cV=D9GAJA6bFJJJrPcax53BmN.0;server=akswtt00400003f;cloudType=Consumer;environment=Prod_southeastasia_prod-s01-064-apac-southeastasia;migrationStage=NotStarted}
{"logTime": "0212/131630", "correlationVector":"ve/fV1U9CUfc2nlV0zJTTu.1","action":"SyncServerConnectionManagerRequest", "result":"SYNC_SERVER_OK", "context":{"environment":"Prod_southeastasia_prod-s01-064-apac-southeastasia", "migrationStage":"NotStarted", "server":"akswtt00400000u"}}
{"logTime": "0212/131630", "correlationVector":"ve/fV1U9CUfc2nlV0zJTTu.2","action":"ProcessGetUpdates", "result":"Done", "context":{"dataType":"Encryption Keys", "deleted":"0", "process_failed_to_decrypt":"0", "process_pending_decryption":"0", "process_success":"1", "total":"1"}}
{"logTime": "0212/131635", "correlationVector":"BLM9xNaSV5uh6dCzx84A7Q","action":"SyncServerConnectionManagerRequest", "result":"SYNC_SERVER_OK", "context":{"environment":"", "migrationStage":"", "server":""}}
{"logTime": "0212/131635", "correlationVector":"ve/fV1U9CUfc2nlV0zJTTu","action":"Initial GetUpdates", "result":"", "context":Reason: NEW_CLIENT. cV=ve/fV1U9CUfc2nlV0zJTTu}
{"logTime": "0212/131635", "correlationVector":"ve/fV1U9CUfc2nlV0zJTTu.3","action":"GetUpdates Response", "result":"Success", "context":Received 1 update(s). cV=ve/fV1U9CUfc2nlV0zJTTu.0;server=akswtt00400000u;cloudType=Consumer;environment=Prod_southeastasia_prod-s01-064-apac-southeastasia;migrationStage=NotStarted}
{"logTime": "0212/131635", "correlationVector":"cqO4nNISPWzuKzFK55C8r7","action":"Initial GetUpdates", "result":"", "context":Reason: NEWLY_SUPPORTED_DATATYPE. cV=cqO4nNISPWzuKzFK55C8r7}
{"logTime": "0212/131636", "correlationVector":"cqO4nNISPWzuKzFK55C8r7.1","action":"SyncServerConnectionManagerRequest", "result":"SYNC_SERVER_OK", "context":{"environment":"Prod_southeastasia_prod-s01-064-apac-southeastasia", "migrationStage":"NotStarted", "server":"akswtt004000013"}}
{"logTime": "0212/131636", "correlationVector":"cqO4nNISPWzuKzFK55C8r7.2","action":"ProcessGetUpdates", "result":"Done", "context":{"dataType":"Passwords", "deleted":"3", "process_failed_to_decrypt":"0", "process_pending_decryption":"0", "process_success":"19", "total":"19"}}
{"logTime": "0212/131636", "correlationVector":"cqO4nNISPWzuKzFK55C8r7.3","action":"GetUpdates Response", "result":"Success", "context":Received 19 update(s). cV=cqO4nNISPWzuKzFK55C8r7.0;server=akswtt004000013;cloudType=Consumer;environment=Prod_southeastasia_prod-s01-064-apac-southeastasia;migrationStage=NotStarted}
{"logTime": "0212/131636", "correlationVector":"pYarx5p36OnXUfySz7LP0M","action":"Normal GetUpdate request", "result":"", "context":cV=pYarx5p36OnXUfySz7LP0M
Nudged types: Sessions, History
Refresh requested types: Bookmarks, Preferences, Passwords, Autofill Profiles, Autofill, Extensions, Sessions, Extension settings, History Delete Directives, Device Info, User Consents, Send Tab To Self, Web Apps, History, Collection, Edge E Drop, Edge Hub App Usage, Edge Tab Group, Edge Wallet, Encryption Keys}
{"logTime": "0212/131637", "correlationVector":"pYarx5p36OnXUfySz7LP0M.1","action":"SyncServerConnectionManagerRequest", "result":"SYNC_SERVER_OK", "context":{"environment":"Prod_southeastasia_prod-s01-064-apac-southeastasia", "migrationStage":"NotStarted", "server":"akswtt004000054"}}
{"logTime": "0212/131637", "correlationVector":"pYarx5p36OnXUfySz7LP0M.2","action":"ProcessGetUpdates", "result":"Done", "context":{"dataType":"Preferences", "deleted":"0", "process_failed_to_decrypt":"0", "process_pending_decryption":"0", "process_success":"1", "total":"1"}}
{"logTime": "0212/131637", "correlationVector":"pYarx5p36OnXUfySz7LP0M.3","action":"ProcessGetUpdates", "result":"Done", "context":{"dataType":"Sessions", "deleted":"2", "process_failed_to_decrypt":"0", "process_pending_decryption":"0", "process_success":"4", "total":"4"}}
{"logTime": "0212/131637", "correlationVector":"pYarx5p36OnXUfySz7LP0M.4","action":"ProcessGetUpdates", "result":"Done", "context":{"dataType":"History", "deleted":"0", "process_failed_to_decrypt":"0", "process_pending_decryption":"0", "process_success":"3", "total":"3"}}
{"logTime": "0212/131637", "correlationVector":"pYarx5p36OnXUfySz7LP0M.5","action":"GetUpdates Response", "result":"Success", "context":Received 8 update(s). cV=pYarx5p36OnXUfySz7LP0M.0;server=akswtt004000054;cloudType=Consumer;environment=Prod_southeastasia_prod-s01-064-apac-southeastasia;migrationStage=NotStarted}
{"logTime": "0212/131637", "correlationVector":"/6J6WYmjzfsYGiZfeld1uE","action":"Commit Request", "result":"", "context":Item count: 1
Contributing types: History}
{"logTime": "0212/131637", "correlationVector":"/6J6WYmjzfsYGiZfeld1uE.1","action":"SyncServerConnectionManagerRequest", "result":"SYNC_SERVER_OK", "context":{"environment":"Prod_southeastasia_prod-s01-064-apac-southeastasia", "migrationStage":"NotStarted", "server":"akswtt00400000i"}}
{"logTime": "0212/131637", "correlationVector":"/6J6WYmjzfsYGiZfeld1uE.2","action":"Commit Response", "result":"Success", "context":Result: Success. cV=/6J6WYmjzfsYGiZfeld1uE.0;server=akswtt00400000i;cloudType=Consumer;environment=Prod_southeastasia_prod-s01-064-apac-southeastasia;migrationStage=NotStarted}
{"logTime": "0212/131637", "correlationVector":"62/jZIkQsqauAaXOqD5AfL","action":"Commit Request", "result":"", "context":Item count: 2
Contributing types: Preferences, History}
{"logTime": "0212/131638", "correlationVector":"62/jZIkQsqauAaXOqD5AfL.1","action":"SyncServerConnectionManagerRequest", "result":"SYNC_SERVER_OK", "context":{"environment":"Prod_southeastasia_prod-s01-064-apac-southeastasia", "migrationStage":"NotStarted", "server":"akswtt004000038"}}
{"logTime": "0212/131638", "correlationVector":"62/jZIkQsqauAaXOqD5AfL.2","action":"Commit Response", "result":"Success", "context":Result: Success. cV=62/jZIkQsqauAaXOqD5AfL.0;server=akswtt004000038;cloudType=Consumer;environment=Prod_southeastasia_prod-s01-064-apac-southeastasia;migrationStage=NotStarted}
{"logTime": "0212/131638", "correlationVector":"Coowd7fslyt5AudJlDBKal","action":"Poll GetUpdate request", "result":"", "context":cV=Coowd7fslyt5AudJlDBKal}
{"logTime": "0212/131639", "correlationVector":"Coowd7fslyt5AudJlDBKal.1","action":"SyncServerConnectionManagerRequest", "result":"SYNC_SERVER_OK", "context":{"environment":"Prod_southeastasia_prod-s01-064-apac-southeastasia", "migrationStage":"NotStarted", "server":"akswtt00400001c"}}
{"logTime": "0212/131639", "correlationVector":"Coowd7fslyt5AudJlDBKal.2","action":"ProcessGetUpdates", "result":"Done", "context":{"dataType":"Preferences", "deleted":"0", "process_failed_to_decrypt":"0", "process_pending_decryption":"0", "process_success":"1", "total":"1"}}
{"logTime": "0212/131639", "correlationVector":"Coowd7fslyt5AudJlDBKal.3","action":"ProcessGetUpdates", "result":"Done", "context":{"dataType":"History", "deleted":"0", "process_failed_to_decrypt":"0", "process_pending_decryption":"0", "process_success":"2", "total":"2"}}
{"logTime": "0212/131639", "correlationVector":"Coowd7fslyt5AudJlDBKal.4","action":"GetUpdates Response", "result":"Success", "context":Received 3 update(s). cV=Coowd7fslyt5AudJlDBKal.0;server=akswtt00400001c;cloudType=Consumer;environment=Prod_southeastasia_prod-s01-064-apac-southeastasia;migrationStage=NotStarted}
