2025-02-10 02:00:24.628: [INFO][Sync] Reset engine, reason: 8
2025-02-10 02:00:24.628: [INFO][Sync] Stopped: Bookmarks
2025-02-10 02:00:24.628: [INFO][Sync] Stopped: Preferences
2025-02-10 02:00:24.628: [INFO][Sync] Stopped: Passwords
2025-02-10 02:00:24.628: [INFO][Sync] Stopped: Autofill Profiles
2025-02-10 02:00:24.628: [INFO][Sync] Stopped: Autofill
2025-02-10 02:00:24.628: [INFO][Sync] Stopped: Extensions
2025-02-10 02:00:24.628: [INFO][Sync] Stopped: Sessions
2025-02-10 02:00:24.628: [INFO][Sync] Stopped: Extension settings
2025-02-10 02:00:24.628: [INFO][Sync] Stopped: History Delete Directives
2025-02-10 02:00:24.628: [INFO][Sync] Stopped: Device Info
2025-02-10 02:00:24.628: [INFO][Sync] Stopped: User Consents
2025-02-10 02:00:24.628: [INFO][Sync] Stopped: Send Tab To Self
2025-02-10 02:00:24.628: [INFO][Sync] Stopped: Web Apps
2025-02-10 02:00:24.628: [INFO][Sync] Stopped: History
2025-02-10 02:00:24.628: [INFO][Sync] Stopped: Collection
2025-02-10 02:00:24.628: [INFO][Sync] Stopped: Edge E Drop
2025-02-10 02:00:24.628: [INFO][Sync] Stopped: Edge Hub App Usage
2025-02-10 02:00:24.628: [INFO][Sync] Stopped: Edge Tab Group
2025-02-10 02:00:24.629: [INFO][Sync] Stopped: Edge Wallet
2025-02-10 02:00:24.629: [INFO][Sync] SyncState after authenticated was: NotSignedIn
2025-02-10 02:00:25.204: [INFO][Sync] Reset engine, reason: 8
2025-02-10 02:00:25.204: [INFO][Sync] Stopped: Bookmarks
2025-02-10 02:00:25.204: [INFO][Sync] Stopped: Preferences
2025-02-10 02:00:25.204: [INFO][Sync] Stopped: Passwords
2025-02-10 02:00:25.204: [INFO][Sync] Stopped: Autofill Profiles
2025-02-10 02:00:25.204: [INFO][Sync] Stopped: Autofill
2025-02-10 02:00:25.204: [INFO][Sync] Stopped: Extensions
2025-02-10 02:00:25.204: [INFO][Sync] Stopped: Sessions
2025-02-10 02:00:25.204: [INFO][Sync] Stopped: Extension settings
2025-02-10 02:00:25.204: [INFO][Sync] Stopped: History Delete Directives
2025-02-10 02:00:25.204: [INFO][Sync] Stopped: Device Info
2025-02-10 02:00:25.204: [INFO][Sync] Stopped: User Consents
2025-02-10 02:00:25.204: [INFO][Sync] Stopped: Send Tab To Self
2025-02-10 02:00:25.204: [INFO][Sync] Stopped: Web Apps
2025-02-10 02:00:25.204: [INFO][Sync] Stopped: History
2025-02-10 02:00:25.204: [INFO][Sync] Stopped: Collection
2025-02-10 02:00:25.204: [INFO][Sync] Stopped: Edge E Drop
2025-02-10 02:00:25.204: [INFO][Sync] Stopped: Edge Hub App Usage
2025-02-10 02:00:25.204: [INFO][Sync] Stopped: Edge Tab Group
2025-02-10 02:00:25.204: [INFO][Sync] Stopped: Edge Wallet
2025-02-10 02:00:25.728: [INFO][Sync] Try to start sync engine
2025-02-10 02:00:25.730: [INFO][SyncManagerImpl::NudgeForInitialDownload] Initial download nudge for Encryption Keys
2025-02-10 02:00:25.730: [INFO][SyncEngineBackend::LoadAndConnectNigoriController] Load and connect Nigori controller
2025-02-10 02:00:25.730: [INFO][SyncEngineBackend::DoInitialize] Control Types added: Encryption Keys
2025-02-10 02:00:25.730: [INFO][SyncManagerImpl::ConfigureSyncer] Types to download: Encryption Keys with reason: 3
2025-02-10 02:00:25.731: [INFO][SyncSchedulerImpl::DoConfigurationSyncCycleJob] Configure job was blocked
2025-02-10 02:00:26.061: [INFO][SyncAuthManager::SetLastAuthError] Current auth error: None
2025-02-10 02:00:26.061: [INFO][SyncAuthManager::EdgeLogTokenErrorState] Token error with: None for account type: MSA
2025-02-10 02:00:26.061: [INFO][Sync] Credentials changed for: EdgeSyncScopeNew
2025-02-10 02:00:27.556: [INFO][SyncAuthManager::SetLastAuthError] Current auth error: None
2025-02-10 02:00:27.556: [INFO][SyncAuthManager::EdgeLogTokenErrorState] Token error with: None for account type: MSA
2025-02-10 02:00:27.556: [INFO][Sync] Credentials changed for: EdgeSyncKeyDataScope
2025-02-10 02:00:27.556: [INFO][SyncEngineBackend::DoUpdateKeyDataCredentials] Update key data credentials
2025-02-10 02:00:27.557: [INFO][SyncEngineBackend::DoUpdateCredentials] Update credentials
2025-02-10 02:00:27.557: [INFO][SyncSchedulerImpl::DoConfigurationSyncCycleJob] Blocked types:  and types to download: Encryption Keys
2025-02-10 02:00:28.419: [INFO][Sync] Started DataTypeManager configuration, reason: 4
2025-02-10 02:00:28.419: [INFO][Sync] Configuring for: Bookmarks, Preferences, Passwords, Autofill Profiles, Autofill, Extensions, Sessions, Extension settings, History Delete Directives, Device Info, User Consents, Send Tab To Self, Web Apps, History, Collection, Edge E Drop, Edge Hub App Usage, Edge Tab Group, Edge Wallet, Encryption Keys, reason: 3, current state: 0
2025-02-10 02:00:28.422: [INFO][Sync] Configure, desired: Bookmarks, Preferences, Extensions, Sessions, Extension settings, History Delete Directives, Device Info, User Consents, Send Tab To Self, Web Apps, History, Collection, Edge E Drop, Edge Hub App Usage, Edge Tab Group, Edge Wallet, Encryption Keys; Allow fail: Passwords, Autofill Profiles, Autofill
2025-02-10 02:00:28.423: [INFO][Sync] Loading: Bookmarks
2025-02-10 02:00:28.423: [INFO][Sync] Loading: Preferences
2025-02-10 02:00:28.423: [INFO][Sync] Loading: Extensions
2025-02-10 02:00:28.423: [INFO][Sync] Loading: Sessions
2025-02-10 02:00:28.423: [INFO][Sync] Loading: Extension settings
2025-02-10 02:00:28.423: [INFO][Sync] Loading: History Delete Directives
2025-02-10 02:00:28.423: [INFO][Sync] Loading: Device Info
2025-02-10 02:00:28.425: [INFO][Sync] Loading: User Consents
2025-02-10 02:00:28.425: [INFO][Sync] Loading: Send Tab To Self
2025-02-10 02:00:28.425: [INFO][Sync] Loading: Web Apps
2025-02-10 02:00:28.425: [INFO][Sync] Loading: History
2025-02-10 02:00:28.425: [INFO][Sync] Loading: Collection
2025-02-10 02:00:28.425: [INFO][Sync] Loading: Edge E Drop
2025-02-10 02:00:28.425: [INFO][Sync] Loading: Edge Hub App Usage
2025-02-10 02:00:28.425: [INFO][Sync] Loading: Edge Tab Group
2025-02-10 02:00:28.425: [INFO][Sync] Loading: Edge Wallet
2025-02-10 02:00:28.428: [INFO][Sync] All data types are ready for configure.
2025-02-10 02:00:29.399: [INFO][Sync] Started DataTypeManager configuration, reason: 5
2025-02-10 02:00:29.399: [INFO][Sync] Configuring for: Bookmarks, Preferences, Passwords, Autofill Profiles, Autofill, Extensions, Sessions, Extension settings, History Delete Directives, Device Info, User Consents, Send Tab To Self, Web Apps, History, Collection, Edge E Drop, Edge Hub App Usage, Edge Tab Group, Edge Wallet, Encryption Keys, reason: 5, current state: 1
2025-02-10 02:00:29.400: [INFO][SyncEngineBackend::DoStartConfiguration] Start configuration
2025-02-10 02:00:29.400: [INFO][SyncManagerImpl::NudgeForInitialDownload] Initial download nudge for Bookmarks
2025-02-10 02:00:29.400: [INFO][SyncManagerImpl::NudgeForInitialDownload] Initial download nudge for Preferences
2025-02-10 02:00:29.400: [INFO][SyncManagerImpl::NudgeForInitialDownload] Initial download nudge for Extensions
2025-02-10 02:00:29.400: [INFO][SyncManagerImpl::NudgeForInitialDownload] Initial download nudge for Sessions
2025-02-10 02:00:29.400: [INFO][SyncManagerImpl::NudgeForInitialDownload] Initial download nudge for Extension settings
2025-02-10 02:00:29.400: [INFO][SyncManagerImpl::NudgeForInitialDownload] Initial download nudge for History Delete Directives
2025-02-10 02:00:29.400: [INFO][SyncManagerImpl::NudgeForInitialDownload] Initial download nudge for Device Info
2025-02-10 02:00:29.400: [INFO][SyncManagerImpl::NudgeForInitialDownload] Initial download nudge for Send Tab To Self
2025-02-10 02:00:29.400: [INFO][SyncManagerImpl::NudgeForInitialDownload] Initial download nudge for Web Apps
2025-02-10 02:00:29.400: [INFO][SyncManagerImpl::NudgeForInitialDownload] Initial download nudge for History
2025-02-10 02:00:29.400: [INFO][SyncManagerImpl::NudgeForInitialDownload] Initial download nudge for Collection
2025-02-10 02:00:29.400: [INFO][SyncManagerImpl::NudgeForInitialDownload] Initial download nudge for Edge E Drop
2025-02-10 02:00:29.400: [INFO][SyncManagerImpl::NudgeForInitialDownload] Initial download nudge for Edge Hub App Usage
2025-02-10 02:00:29.400: [INFO][SyncManagerImpl::NudgeForInitialDownload] Initial download nudge for Edge Tab Group
2025-02-10 02:00:29.400: [INFO][SyncManagerImpl::NudgeForInitialDownload] Initial download nudge for Edge Wallet
2025-02-10 02:00:29.400: [INFO][SyncManagerImpl::ConfigureSyncer] Types to download:  with reason: 3
2025-02-10 02:00:29.400: [INFO][SyncEngineBackend::DoFinishConfigureDataTypes] Failed to download types:  and succeeded types: 
2025-02-10 02:00:29.401: [INFO][Sync] ConfigurationDone, failed: , succeeded: , remaining count: 4
2025-02-10 02:00:29.401: [WARN][Sync]     Reconfigure requested while configuration ongoing.
2025-02-10 02:00:29.401: [INFO][Sync] Configuring for: Bookmarks, Preferences, Passwords, Autofill Profiles, Autofill, Extensions, Sessions, Extension settings, History Delete Directives, Device Info, User Consents, Send Tab To Self, Web Apps, History, Collection, Edge E Drop, Edge Hub App Usage, Edge Tab Group, Edge Wallet, Encryption Keys, reason: 5, current state: 2
2025-02-10 02:00:29.401: [INFO][Sync] Configure, desired: Bookmarks, Preferences, Passwords, Autofill Profiles, Autofill, Extensions, Sessions, Extension settings, History Delete Directives, Device Info, User Consents, Send Tab To Self, Web Apps, History, Collection, Edge E Drop, Edge Hub App Usage, Edge Tab Group, Edge Wallet, Encryption Keys; Allow fail: 
2025-02-10 02:00:29.401: [INFO][Sync] Loading: Passwords
2025-02-10 02:00:29.401: [INFO][Sync] Loading: Autofill Profiles
2025-02-10 02:00:29.401: [INFO][Sync] Loading: Autofill
2025-02-10 02:00:29.404: [INFO][Sync] All data types are ready for configure.
2025-02-10 02:00:29.404: [INFO][SyncManagerImpl::NudgeForInitialDownload] Initial download nudge for Passwords
2025-02-10 02:00:29.404: [INFO][SyncManagerImpl::NudgeForInitialDownload] Initial download nudge for Autofill Profiles
2025-02-10 02:00:29.404: [INFO][SyncManagerImpl::NudgeForInitialDownload] Initial download nudge for Autofill
2025-02-10 02:00:29.404: [INFO][SyncManagerImpl::ConfigureSyncer] Types to download:  with reason: 5
2025-02-10 02:00:29.404: [INFO][SyncEngineBackend::DoFinishConfigureDataTypes] Failed to download types:  and succeeded types: 
2025-02-10 02:00:29.404: [INFO][Sync] ConfigurationDone, failed: , succeeded: , remaining count: 4
2025-02-10 02:00:29.404: [INFO][Sync] Prepare to configure types: Preferences, Passwords, Device Info, Send Tab To Self, Edge E Drop, Encryption Keys
2025-02-10 02:00:29.404: [INFO][SyncManagerImpl::ConfigureSyncer] Types to download: Preferences, Passwords, Device Info, Send Tab To Self, Edge E Drop, Encryption Keys with reason: 5
2025-02-10 02:00:29.404: [INFO][SyncSchedulerImpl::DoConfigurationSyncCycleJob] Blocked types:  and types to download: Preferences, Passwords, Device Info, Send Tab To Self, Edge E Drop, Encryption Keys
2025-02-10 02:00:31.150: [INFO][SyncEngineBackend::DoFinishConfigureDataTypes] Failed to download types:  and succeeded types: Preferences, Passwords, Device Info, Send Tab To Self, Edge E Drop, Encryption Keys
2025-02-10 02:00:31.174: [INFO][Sync] ConfigurationDone, failed: , succeeded: Preferences, Passwords, Device Info, Send Tab To Self, Edge E Drop, Encryption Keys, remaining count: 3
2025-02-10 02:00:31.174: [INFO][Sync] Prepare to configure types: Bookmarks, Encryption Keys
2025-02-10 02:00:31.174: [INFO][SyncManagerImpl::ConfigureSyncer] Types to download: Bookmarks, Encryption Keys with reason: 5
2025-02-10 02:00:31.174: [INFO][SyncSchedulerImpl::DoConfigurationSyncCycleJob] Blocked types:  and types to download: Bookmarks, Encryption Keys
2025-02-10 02:00:31.602: [INFO][SyncEngineBackend::DoFinishConfigureDataTypes] Failed to download types:  and succeeded types: Bookmarks, Encryption Keys
2025-02-10 02:00:31.624: [INFO][Sync] ConfigurationDone, failed: , succeeded: Bookmarks, Encryption Keys, remaining count: 2
2025-02-10 02:00:31.624: [INFO][Sync] Prepare to configure types: Autofill Profiles, Autofill, Extensions, Sessions, Extension settings, History Delete Directives, Web Apps, Collection, Edge Hub App Usage, Edge Tab Group, Edge Wallet, Encryption Keys
2025-02-10 02:00:31.624: [INFO][SyncManagerImpl::ConfigureSyncer] Types to download: Autofill Profiles, Autofill, Extensions, Sessions, Extension settings, History Delete Directives, Web Apps, Collection, Edge Hub App Usage, Edge Tab Group, Edge Wallet, Encryption Keys with reason: 5
2025-02-10 02:00:31.624: [INFO][SyncSchedulerImpl::DoConfigurationSyncCycleJob] Blocked types:  and types to download: Autofill Profiles, Autofill, Extensions, Sessions, Extension settings, History Delete Directives, Web Apps, Collection, Edge Hub App Usage, Edge Tab Group, Edge Wallet, Encryption Keys
2025-02-10 02:00:51.652: [INFO][Sync] Reset engine, reason: 0
2025-02-10 02:00:51.652: [INFO][Sync] Reset engine with reason: 0
2025-02-10 02:00:51.652: [INFO][SyncSchedulerImpl::OnSyncNetworkError] Syncer error: Network error (ERR_ABORTED)
2025-02-10 02:00:51.654: [INFO][SyncSchedulerImpl::DoConfigurationSyncCycleJob] Syncer error: Success
2025-02-10 02:03:43.548: [INFO][Sync] SyncState after authenticated was: FeatureCanStart
2025-02-10 02:03:44.677: [INFO][Sync] Try to start sync engine
2025-02-10 02:03:44.688: [INFO][SyncManagerImpl::NudgeForInitialDownload] Initial download nudge for Encryption Keys
2025-02-10 02:03:44.688: [INFO][SyncEngineBackend::LoadAndConnectNigoriController] Load and connect Nigori controller
2025-02-10 02:03:44.688: [INFO][SyncEngineBackend::DoInitialize] Control Types added: Encryption Keys
2025-02-10 02:03:44.688: [INFO][SyncManagerImpl::ConfigureSyncer] Types to download: Encryption Keys with reason: 3
2025-02-10 02:03:44.688: [INFO][SyncSchedulerImpl::DoConfigurationSyncCycleJob] Configure job was blocked
2025-02-10 02:03:44.743: [INFO][SyncAuthManager::SetLastAuthError] Current auth error: None
2025-02-10 02:03:44.743: [INFO][SyncAuthManager::EdgeLogTokenErrorState] Token error with: None for account type: MSA
2025-02-10 02:03:44.743: [INFO][Sync] Credentials changed for: EdgeSyncScopeNew
2025-02-10 02:03:45.372: [INFO][SyncAuthManager::SetLastAuthError] Current auth error: None
2025-02-10 02:03:45.372: [INFO][SyncAuthManager::EdgeLogTokenErrorState] Token error with: None for account type: MSA
2025-02-10 02:03:45.372: [INFO][Sync] Credentials changed for: EdgeSyncKeyDataScope
2025-02-10 02:03:45.372: [INFO][SyncEngineBackend::DoUpdateKeyDataCredentials] Update key data credentials
2025-02-10 02:03:45.372: [INFO][SyncEngineBackend::DoUpdateCredentials] Update credentials
2025-02-10 02:03:45.372: [INFO][SyncSchedulerImpl::DoConfigurationSyncCycleJob] Blocked types:  and types to download: Encryption Keys
2025-02-10 02:03:45.861: [INFO][Sync] Started DataTypeManager configuration, reason: 4
2025-02-10 02:03:45.861: [INFO][Sync] Configuring for: Bookmarks, Preferences, Passwords, Autofill Profiles, Autofill, Extensions, Sessions, Extension settings, History Delete Directives, Device Info, User Consents, Send Tab To Self, Web Apps, History, Collection, Edge E Drop, Edge Hub App Usage, Edge Tab Group, Edge Wallet, Encryption Keys, reason: 4, current state: 0
2025-02-10 02:03:45.862: [INFO][Sync] Configure, desired: Bookmarks, Preferences, Extensions, Sessions, Extension settings, History Delete Directives, Device Info, User Consents, Send Tab To Self, Web Apps, History, Collection, Edge E Drop, Edge Hub App Usage, Edge Tab Group, Edge Wallet, Encryption Keys; Allow fail: Passwords, Autofill Profiles, Autofill
2025-02-10 02:03:45.862: [INFO][Sync] Loading: Bookmarks
2025-02-10 02:03:45.862: [INFO][Sync] Loading: Preferences
2025-02-10 02:03:45.862: [INFO][Sync] Loading: Extensions
2025-02-10 02:03:45.863: [INFO][Sync] Loading: Sessions
2025-02-10 02:03:45.863: [INFO][Sync] Loading: Extension settings
2025-02-10 02:03:45.863: [INFO][Sync] Loading: History Delete Directives
2025-02-10 02:03:45.863: [INFO][Sync] Loading: Device Info
2025-02-10 02:03:45.863: [INFO][Sync] Loading: User Consents
2025-02-10 02:03:45.863: [INFO][Sync] Loading: Send Tab To Self
2025-02-10 02:03:45.863: [INFO][Sync] Loading: Web Apps
2025-02-10 02:03:45.863: [INFO][Sync] Loading: History
2025-02-10 02:03:45.863: [INFO][Sync] Loading: Collection
2025-02-10 02:03:45.863: [INFO][Sync] Loading: Edge E Drop
2025-02-10 02:03:45.863: [INFO][Sync] Loading: Edge Hub App Usage
2025-02-10 02:03:45.863: [INFO][Sync] Loading: Edge Tab Group
2025-02-10 02:03:45.863: [INFO][Sync] Loading: Edge Wallet
2025-02-10 02:03:45.867: [INFO][Sync] All data types are ready for configure.
2025-02-10 02:03:46.711: [INFO][SyncEngineBackend::DoStartConfiguration] Start configuration
2025-02-10 02:03:46.711: [INFO][SyncManagerImpl::NudgeForInitialDownload] Initial download nudge for Extensions
2025-02-10 02:03:46.711: [INFO][SyncManagerImpl::NudgeForInitialDownload] Initial download nudge for Sessions
2025-02-10 02:03:46.711: [INFO][SyncManagerImpl::NudgeForInitialDownload] Initial download nudge for Extension settings
2025-02-10 02:03:46.711: [INFO][SyncManagerImpl::NudgeForInitialDownload] Initial download nudge for History Delete Directives
2025-02-10 02:03:46.711: [INFO][SyncManagerImpl::NudgeForInitialDownload] Initial download nudge for Web Apps
2025-02-10 02:03:46.711: [INFO][SyncManagerImpl::NudgeForInitialDownload] Initial download nudge for History
2025-02-10 02:03:46.712: [INFO][SyncManagerImpl::NudgeForInitialDownload] Initial download nudge for Collection
2025-02-10 02:03:46.712: [INFO][SyncManagerImpl::NudgeForInitialDownload] Initial download nudge for Edge Hub App Usage
2025-02-10 02:03:46.712: [INFO][SyncManagerImpl::NudgeForInitialDownload] Initial download nudge for Edge Tab Group
2025-02-10 02:03:46.712: [INFO][SyncManagerImpl::NudgeForInitialDownload] Initial download nudge for Edge Wallet
2025-02-10 02:03:46.712: [INFO][SyncManagerImpl::ConfigureSyncer] Types to download:  with reason: 4
2025-02-10 02:03:46.712: [INFO][SyncEngineBackend::DoFinishConfigureDataTypes] Failed to download types:  and succeeded types: 
2025-02-10 02:03:46.712: [INFO][Sync] Started DataTypeManager configuration, reason: 5
2025-02-10 02:03:46.712: [INFO][Sync] Configuring for: Bookmarks, Preferences, Passwords, Autofill Profiles, Autofill, Extensions, Sessions, Extension settings, History Delete Directives, Device Info, User Consents, Send Tab To Self, Web Apps, History, Collection, Edge E Drop, Edge Hub App Usage, Edge Tab Group, Edge Wallet, Encryption Keys, reason: 5, current state: 1
2025-02-10 02:03:46.715: [INFO][Sync] ConfigurationDone, failed: , succeeded: , remaining count: 4
2025-02-10 02:03:46.715: [WARN][Sync]     Reconfigure requested while configuration ongoing.
2025-02-10 02:03:46.715: [INFO][Sync] Configuring for: Bookmarks, Preferences, Passwords, Autofill Profiles, Autofill, Extensions, Sessions, Extension settings, History Delete Directives, Device Info, User Consents, Send Tab To Self, Web Apps, History, Collection, Edge E Drop, Edge Hub App Usage, Edge Tab Group, Edge Wallet, Encryption Keys, reason: 5, current state: 2
2025-02-10 02:03:46.715: [INFO][Sync] Configure, desired: Bookmarks, Preferences, Passwords, Autofill Profiles, Autofill, Extensions, Sessions, Extension settings, History Delete Directives, Device Info, User Consents, Send Tab To Self, Web Apps, History, Collection, Edge E Drop, Edge Hub App Usage, Edge Tab Group, Edge Wallet, Encryption Keys; Allow fail: 
2025-02-10 02:03:46.715: [INFO][Sync] Loading: Passwords
2025-02-10 02:03:46.715: [INFO][Sync] Loading: Autofill Profiles
2025-02-10 02:03:46.715: [INFO][Sync] Loading: Autofill
2025-02-10 02:03:46.716: [INFO][Sync] All data types are ready for configure.
2025-02-10 02:03:46.716: [INFO][SyncManagerImpl::NudgeForInitialDownload] Initial download nudge for Passwords
2025-02-10 02:03:46.716: [INFO][SyncManagerImpl::NudgeForInitialDownload] Initial download nudge for Autofill Profiles
2025-02-10 02:03:46.716: [INFO][SyncManagerImpl::NudgeForInitialDownload] Initial download nudge for Autofill
2025-02-10 02:03:46.716: [INFO][SyncManagerImpl::ConfigureSyncer] Types to download:  with reason: 5
2025-02-10 02:03:46.716: [INFO][SyncEngineBackend::DoFinishConfigureDataTypes] Failed to download types:  and succeeded types: 
2025-02-10 02:03:46.718: [INFO][Sync] ConfigurationDone, failed: , succeeded: , remaining count: 4
2025-02-10 02:03:46.718: [INFO][Sync] Prepare to configure types: Passwords, Encryption Keys
2025-02-10 02:03:46.718: [INFO][SyncManagerImpl::ConfigureSyncer] Types to download: Passwords, Encryption Keys with reason: 5
2025-02-10 02:03:46.718: [INFO][SyncSchedulerImpl::DoConfigurationSyncCycleJob] Blocked types:  and types to download: Passwords, Encryption Keys
2025-02-10 02:03:47.658: [INFO][SyncEngineBackend::DoFinishConfigureDataTypes] Failed to download types:  and succeeded types: Passwords, Encryption Keys
2025-02-10 02:03:47.661: [INFO][Sync] ConfigurationDone, failed: , succeeded: Passwords, Encryption Keys, remaining count: 3
2025-02-10 02:03:47.661: [INFO][SyncManagerImpl::ConfigureSyncer] Types to download:  with reason: 5
2025-02-10 02:03:47.661: [INFO][SyncEngineBackend::DoFinishConfigureDataTypes] Failed to download types:  and succeeded types: 
2025-02-10 02:03:47.661: [INFO][Sync] ConfigurationDone, failed: , succeeded: , remaining count: 2
2025-02-10 02:03:47.661: [INFO][Sync] Prepare to configure types: Autofill Profiles, Autofill, Extensions, Sessions, Extension settings, History Delete Directives, Web Apps, Collection, Edge Hub App Usage, Edge Tab Group, Edge Wallet, Encryption Keys
2025-02-10 02:03:47.662: [INFO][SyncManagerImpl::ConfigureSyncer] Types to download: Autofill Profiles, Autofill, Extensions, Sessions, Extension settings, History Delete Directives, Web Apps, Collection, Edge Hub App Usage, Edge Tab Group, Edge Wallet, Encryption Keys with reason: 5
2025-02-10 02:03:47.662: [INFO][SyncSchedulerImpl::DoConfigurationSyncCycleJob] Blocked types:  and types to download: Autofill Profiles, Autofill, Extensions, Sessions, Extension settings, History Delete Directives, Web Apps, Collection, Edge Hub App Usage, Edge Tab Group, Edge Wallet, Encryption Keys
2025-02-10 02:04:15.981: [INFO][SyncEngineBackend::DoFinishConfigureDataTypes] Failed to download types:  and succeeded types: Autofill Profiles, Autofill, Extensions, Sessions, Extension settings, History Delete Directives, Web Apps, Collection, Edge Hub App Usage, Edge Tab Group, Edge Wallet, Encryption Keys
2025-02-10 02:04:15.984: [INFO][Sync] ConfigurationDone, failed: , succeeded: Autofill Profiles, Autofill, Extensions, Sessions, Extension settings, History Delete Directives, Web Apps, Collection, Edge Hub App Usage, Edge Tab Group, Edge Wallet, Encryption Keys, remaining count: 1
2025-02-10 02:04:15.987: [INFO][Sync] Prepare to configure types: History, Encryption Keys
2025-02-10 02:04:15.987: [INFO][SyncManagerImpl::ConfigureSyncer] Types to download: History, Encryption Keys with reason: 5
2025-02-10 02:04:15.987: [INFO][SyncSchedulerImpl::DoConfigurationSyncCycleJob] Blocked types:  and types to download: History, Encryption Keys
2025-02-10 02:04:19.454: [INFO][SyncEngineBackend::DoFinishConfigureDataTypes] Failed to download types:  and succeeded types: History, Encryption Keys
2025-02-10 02:04:19.526: [INFO][Sync] ConfigurationDone, failed: , succeeded: History, Encryption Keys, remaining count: 0
2025-02-10 02:04:19.595: [INFO][Sync]     Configuration completed, state: 7
2025-02-10 02:04:19.596: [INFO][Sync] Configured DataTypeManager: Ok
2025-02-10 02:04:19.663: [INFO][SyncEngineBackend::DoStartSyncing] Start syncing
2025-02-10 02:06:35.534: [INFO][Sync] SyncState after authenticated was: FeatureCanStart
2025-02-10 02:06:36.488: [INFO][Sync] Try to start sync engine
2025-02-10 02:06:36.490: [INFO][SyncManagerImpl::NudgeForInitialDownload] Initial download nudge for Encryption Keys
2025-02-10 02:06:36.490: [INFO][SyncEngineBackend::LoadAndConnectNigoriController] Load and connect Nigori controller
2025-02-10 02:06:36.490: [INFO][SyncEngineBackend::DoInitialize] Control Types added: Encryption Keys
2025-02-10 02:06:36.490: [INFO][SyncManagerImpl::ConfigureSyncer] Types to download: Encryption Keys with reason: 3
2025-02-10 02:06:36.490: [INFO][SyncSchedulerImpl::DoConfigurationSyncCycleJob] Configure job was blocked
2025-02-10 02:06:36.543: [INFO][SyncAuthManager::SetLastAuthError] Current auth error: None
2025-02-10 02:06:36.543: [INFO][SyncAuthManager::EdgeLogTokenErrorState] Token error with: None for account type: MSA
2025-02-10 02:06:36.543: [INFO][Sync] Credentials changed for: EdgeSyncScopeNew
2025-02-10 02:06:37.210: [INFO][SyncAuthManager::SetLastAuthError] Current auth error: None
2025-02-10 02:06:37.210: [INFO][SyncAuthManager::EdgeLogTokenErrorState] Token error with: None for account type: MSA
2025-02-10 02:06:37.210: [INFO][Sync] Credentials changed for: EdgeSyncKeyDataScope
2025-02-10 02:06:37.210: [INFO][SyncEngineBackend::DoUpdateKeyDataCredentials] Update key data credentials
2025-02-10 02:06:37.210: [INFO][SyncEngineBackend::DoUpdateCredentials] Update credentials
2025-02-10 02:06:37.210: [INFO][SyncSchedulerImpl::DoConfigurationSyncCycleJob] Blocked types:  and types to download: Encryption Keys
2025-02-10 02:06:38.743: [INFO][Sync] Started DataTypeManager configuration, reason: 4
2025-02-10 02:06:38.743: [INFO][Sync] Configuring for: Bookmarks, Preferences, Passwords, Autofill Profiles, Autofill, Extensions, Sessions, Extension settings, History Delete Directives, Device Info, User Consents, Send Tab To Self, Web Apps, History, Collection, Edge E Drop, Edge Hub App Usage, Edge Tab Group, Edge Wallet, Encryption Keys, reason: 4, current state: 0
2025-02-10 02:06:38.764: [INFO][Sync] Configure, desired: Bookmarks, Preferences, Extensions, Sessions, Extension settings, History Delete Directives, Device Info, User Consents, Send Tab To Self, Web Apps, History, Collection, Edge E Drop, Edge Hub App Usage, Edge Tab Group, Edge Wallet, Encryption Keys; Allow fail: Passwords, Autofill Profiles, Autofill
2025-02-10 02:06:38.765: [INFO][Sync] Loading: Bookmarks
2025-02-10 02:06:38.765: [INFO][Sync] Loading: Preferences
2025-02-10 02:06:38.765: [INFO][Sync] Loading: Extensions
2025-02-10 02:06:38.765: [INFO][Sync] Loading: Sessions
2025-02-10 02:06:38.765: [INFO][Sync] Loading: Extension settings
2025-02-10 02:06:38.765: [INFO][Sync] Loading: History Delete Directives
2025-02-10 02:06:38.765: [INFO][Sync] Loading: Device Info
2025-02-10 02:06:38.765: [INFO][Sync] Loading: User Consents
2025-02-10 02:06:38.765: [INFO][Sync] Loading: Send Tab To Self
2025-02-10 02:06:38.765: [INFO][Sync] Loading: Web Apps
2025-02-10 02:06:38.765: [INFO][Sync] Loading: History
2025-02-10 02:06:38.765: [INFO][Sync] Loading: Collection
2025-02-10 02:06:38.765: [INFO][Sync] Loading: Edge E Drop
2025-02-10 02:06:38.765: [INFO][Sync] Loading: Edge Hub App Usage
2025-02-10 02:06:38.765: [INFO][Sync] Loading: Edge Tab Group
2025-02-10 02:06:38.765: [INFO][Sync] Loading: Edge Wallet
2025-02-10 02:06:38.792: [INFO][Sync] All data types are ready for configure.
2025-02-10 02:06:39.545: [INFO][SyncEngineBackend::DoStartConfiguration] Start configuration
2025-02-10 02:06:39.545: [INFO][SyncManagerImpl::ConfigureSyncer] Types to download:  with reason: 4
2025-02-10 02:06:39.545: [INFO][SyncEngineBackend::DoFinishConfigureDataTypes] Failed to download types:  and succeeded types: 
2025-02-10 02:06:39.581: [INFO][Sync] Started DataTypeManager configuration, reason: 5
2025-02-10 02:06:39.581: [INFO][Sync] Configuring for: Bookmarks, Preferences, Passwords, Autofill Profiles, Autofill, Extensions, Sessions, Extension settings, History Delete Directives, Device Info, User Consents, Send Tab To Self, Web Apps, History, Collection, Edge E Drop, Edge Hub App Usage, Edge Tab Group, Edge Wallet, Encryption Keys, reason: 5, current state: 1
2025-02-10 02:06:39.615: [INFO][Sync] ConfigurationDone, failed: , succeeded: , remaining count: 4
2025-02-10 02:06:39.615: [WARN][Sync]     Reconfigure requested while configuration ongoing.
2025-02-10 02:06:39.615: [INFO][Sync] Configuring for: Bookmarks, Preferences, Passwords, Autofill Profiles, Autofill, Extensions, Sessions, Extension settings, History Delete Directives, Device Info, User Consents, Send Tab To Self, Web Apps, History, Collection, Edge E Drop, Edge Hub App Usage, Edge Tab Group, Edge Wallet, Encryption Keys, reason: 5, current state: 2
2025-02-10 02:06:39.615: [INFO][Sync] Configure, desired: Bookmarks, Preferences, Passwords, Autofill Profiles, Autofill, Extensions, Sessions, Extension settings, History Delete Directives, Device Info, User Consents, Send Tab To Self, Web Apps, History, Collection, Edge E Drop, Edge Hub App Usage, Edge Tab Group, Edge Wallet, Encryption Keys; Allow fail: 
2025-02-10 02:06:39.615: [INFO][Sync] Loading: Passwords
2025-02-10 02:06:39.615: [INFO][Sync] Loading: Autofill Profiles
2025-02-10 02:06:39.615: [INFO][Sync] Loading: Autofill
2025-02-10 02:06:39.616: [INFO][Sync] All data types are ready for configure.
2025-02-10 02:06:39.616: [INFO][SyncManagerImpl::NudgeForInitialDownload] Initial download nudge for Passwords
2025-02-10 02:06:39.616: [INFO][SyncManagerImpl::ConfigureSyncer] Types to download:  with reason: 5
2025-02-10 02:06:39.616: [INFO][SyncEngineBackend::DoFinishConfigureDataTypes] Failed to download types:  and succeeded types: 
2025-02-10 02:06:39.616: [INFO][Sync] ConfigurationDone, failed: , succeeded: , remaining count: 4
2025-02-10 02:06:39.616: [INFO][Sync] Prepare to configure types: Passwords, Encryption Keys
2025-02-10 02:06:39.616: [INFO][SyncManagerImpl::ConfigureSyncer] Types to download: Passwords, Encryption Keys with reason: 5
2025-02-10 02:06:39.616: [INFO][SyncSchedulerImpl::DoConfigurationSyncCycleJob] Blocked types:  and types to download: Passwords, Encryption Keys
2025-02-10 02:06:40.508: [INFO][SyncEngineBackend::DoFinishConfigureDataTypes] Failed to download types:  and succeeded types: Passwords, Encryption Keys
2025-02-10 02:06:40.546: [INFO][Sync] ConfigurationDone, failed: , succeeded: Passwords, Encryption Keys, remaining count: 3
2025-02-10 02:06:40.546: [INFO][SyncManagerImpl::ConfigureSyncer] Types to download:  with reason: 5
2025-02-10 02:06:40.546: [INFO][SyncEngineBackend::DoFinishConfigureDataTypes] Failed to download types:  and succeeded types: 
2025-02-10 02:06:40.546: [INFO][Sync] ConfigurationDone, failed: , succeeded: , remaining count: 2
2025-02-10 02:06:40.546: [INFO][SyncManagerImpl::ConfigureSyncer] Types to download:  with reason: 5
2025-02-10 02:06:40.546: [INFO][SyncEngineBackend::DoFinishConfigureDataTypes] Failed to download types:  and succeeded types: 
2025-02-10 02:06:40.550: [INFO][Sync] ConfigurationDone, failed: , succeeded: , remaining count: 1
2025-02-10 02:06:40.577: [INFO][SyncManagerImpl::ConfigureSyncer] Types to download:  with reason: 5
2025-02-10 02:06:40.577: [INFO][SyncEngineBackend::DoFinishConfigureDataTypes] Failed to download types:  and succeeded types: 
2025-02-10 02:06:40.577: [INFO][Sync] ConfigurationDone, failed: , succeeded: , remaining count: 0
2025-02-10 02:06:40.595: [INFO][Sync]     Configuration completed, state: 7
2025-02-10 02:06:40.596: [INFO][Sync] Configured DataTypeManager: Ok
2025-02-10 02:06:40.614: [INFO][SyncEngineBackend::DoStartSyncing] Start syncing
2025-02-10 02:11:05.257: [INFO][Sync] SyncState after authenticated was: FeatureCanStart
2025-02-10 02:11:06.194: [INFO][Sync] Try to start sync engine
2025-02-10 02:11:06.195: [INFO][SyncManagerImpl::NudgeForInitialDownload] Initial download nudge for Encryption Keys
2025-02-10 02:11:06.195: [INFO][SyncEngineBackend::LoadAndConnectNigoriController] Load and connect Nigori controller
2025-02-10 02:11:06.195: [INFO][SyncEngineBackend::DoInitialize] Control Types added: Encryption Keys
2025-02-10 02:11:06.195: [INFO][SyncManagerImpl::ConfigureSyncer] Types to download: Encryption Keys with reason: 3
2025-02-10 02:11:06.195: [INFO][SyncSchedulerImpl::DoConfigurationSyncCycleJob] Configure job was blocked
2025-02-10 02:11:06.227: [INFO][SyncAuthManager::SetLastAuthError] Current auth error: None
2025-02-10 02:11:06.227: [INFO][SyncAuthManager::EdgeLogTokenErrorState] Token error with: None for account type: MSA
2025-02-10 02:11:06.227: [INFO][Sync] Credentials changed for: EdgeSyncScopeNew
2025-02-10 02:11:06.950: [INFO][SyncAuthManager::SetLastAuthError] Current auth error: None
2025-02-10 02:11:06.950: [INFO][SyncAuthManager::EdgeLogTokenErrorState] Token error with: None for account type: MSA
2025-02-10 02:11:06.951: [INFO][Sync] Credentials changed for: EdgeSyncKeyDataScope
2025-02-10 02:11:06.951: [INFO][SyncEngineBackend::DoUpdateKeyDataCredentials] Update key data credentials
2025-02-10 02:11:06.951: [INFO][SyncEngineBackend::DoUpdateCredentials] Update credentials
2025-02-10 02:11:06.951: [INFO][SyncSchedulerImpl::DoConfigurationSyncCycleJob] Blocked types:  and types to download: Encryption Keys
2025-02-10 02:11:08.119: [INFO][Sync] Started DataTypeManager configuration, reason: 4
2025-02-10 02:11:08.119: [INFO][Sync] Configuring for: Bookmarks, Preferences, Passwords, Autofill Profiles, Autofill, Extensions, Sessions, Extension settings, History Delete Directives, Device Info, User Consents, Send Tab To Self, Web Apps, History, Collection, Edge E Drop, Edge Hub App Usage, Edge Tab Group, Edge Wallet, Encryption Keys, reason: 4, current state: 0
2025-02-10 02:11:08.142: [INFO][Sync] Configure, desired: Bookmarks, Preferences, Extensions, Sessions, Extension settings, History Delete Directives, Device Info, User Consents, Send Tab To Self, Web Apps, History, Collection, Edge E Drop, Edge Hub App Usage, Edge Tab Group, Edge Wallet, Encryption Keys; Allow fail: Passwords, Autofill Profiles, Autofill
2025-02-10 02:11:08.142: [INFO][Sync] Loading: Bookmarks
2025-02-10 02:11:08.142: [INFO][Sync] Loading: Preferences
2025-02-10 02:11:08.142: [INFO][Sync] Loading: Extensions
2025-02-10 02:11:08.142: [INFO][Sync] Loading: Sessions
2025-02-10 02:11:08.142: [INFO][Sync] Loading: Extension settings
2025-02-10 02:11:08.142: [INFO][Sync] Loading: History Delete Directives
2025-02-10 02:11:08.142: [INFO][Sync] Loading: Device Info
2025-02-10 02:11:08.142: [INFO][Sync] Loading: User Consents
2025-02-10 02:11:08.142: [INFO][Sync] Loading: Send Tab To Self
2025-02-10 02:11:08.142: [INFO][Sync] Loading: Web Apps
2025-02-10 02:11:08.142: [INFO][Sync] Loading: History
2025-02-10 02:11:08.142: [INFO][Sync] Loading: Collection
2025-02-10 02:11:08.142: [INFO][Sync] Loading: Edge E Drop
2025-02-10 02:11:08.142: [INFO][Sync] Loading: Edge Hub App Usage
2025-02-10 02:11:08.142: [INFO][Sync] Loading: Edge Tab Group
2025-02-10 02:11:08.142: [INFO][Sync] Loading: Edge Wallet
2025-02-10 02:11:08.164: [INFO][Sync] All data types are ready for configure.
2025-02-10 02:11:09.877: [INFO][SyncEngineBackend::DoStartConfiguration] Start configuration
2025-02-10 02:11:09.877: [INFO][SyncManagerImpl::ConfigureSyncer] Types to download:  with reason: 4
2025-02-10 02:11:09.877: [INFO][SyncEngineBackend::DoFinishConfigureDataTypes] Failed to download types:  and succeeded types: 
2025-02-10 02:11:09.899: [INFO][Sync] Started DataTypeManager configuration, reason: 5
2025-02-10 02:11:09.899: [INFO][Sync] Configuring for: Bookmarks, Preferences, Passwords, Autofill Profiles, Autofill, Extensions, Sessions, Extension settings, History Delete Directives, Device Info, User Consents, Send Tab To Self, Web Apps, History, Collection, Edge E Drop, Edge Hub App Usage, Edge Tab Group, Edge Wallet, Encryption Keys, reason: 5, current state: 1
2025-02-10 02:11:09.914: [INFO][Sync] ConfigurationDone, failed: , succeeded: , remaining count: 4
2025-02-10 02:11:09.914: [WARN][Sync]     Reconfigure requested while configuration ongoing.
2025-02-10 02:11:09.914: [INFO][Sync] Configuring for: Bookmarks, Preferences, Passwords, Autofill Profiles, Autofill, Extensions, Sessions, Extension settings, History Delete Directives, Device Info, User Consents, Send Tab To Self, Web Apps, History, Collection, Edge E Drop, Edge Hub App Usage, Edge Tab Group, Edge Wallet, Encryption Keys, reason: 5, current state: 2
2025-02-10 02:11:09.914: [INFO][Sync] Configure, desired: Bookmarks, Preferences, Passwords, Autofill Profiles, Autofill, Extensions, Sessions, Extension settings, History Delete Directives, Device Info, User Consents, Send Tab To Self, Web Apps, History, Collection, Edge E Drop, Edge Hub App Usage, Edge Tab Group, Edge Wallet, Encryption Keys; Allow fail: 
2025-02-10 02:11:09.914: [INFO][Sync] Loading: Passwords
2025-02-10 02:11:09.914: [INFO][Sync] Loading: Autofill Profiles
2025-02-10 02:11:09.914: [INFO][Sync] Loading: Autofill
2025-02-10 02:11:09.914: [INFO][Sync] All data types are ready for configure.
2025-02-10 02:11:09.914: [INFO][SyncManagerImpl::NudgeForInitialDownload] Initial download nudge for Passwords
2025-02-10 02:11:09.914: [INFO][SyncManagerImpl::ConfigureSyncer] Types to download:  with reason: 5
2025-02-10 02:11:09.915: [INFO][SyncEngineBackend::DoFinishConfigureDataTypes] Failed to download types:  and succeeded types: 
2025-02-10 02:11:09.919: [INFO][Sync] ConfigurationDone, failed: , succeeded: , remaining count: 4
2025-02-10 02:11:09.919: [INFO][Sync] Prepare to configure types: Passwords, Encryption Keys
2025-02-10 02:11:09.919: [INFO][SyncManagerImpl::ConfigureSyncer] Types to download: Passwords, Encryption Keys with reason: 5
2025-02-10 02:11:09.919: [INFO][SyncSchedulerImpl::DoConfigurationSyncCycleJob] Blocked types:  and types to download: Passwords, Encryption Keys
2025-02-10 02:11:10.803: [INFO][SyncEngineBackend::DoFinishConfigureDataTypes] Failed to download types:  and succeeded types: Passwords, Encryption Keys
2025-02-10 02:11:10.827: [INFO][Sync] ConfigurationDone, failed: , succeeded: Passwords, Encryption Keys, remaining count: 3
2025-02-10 02:11:10.827: [INFO][SyncManagerImpl::ConfigureSyncer] Types to download:  with reason: 5
2025-02-10 02:11:10.827: [INFO][SyncEngineBackend::DoFinishConfigureDataTypes] Failed to download types:  and succeeded types: 
2025-02-10 02:11:10.828: [INFO][Sync] ConfigurationDone, failed: , succeeded: , remaining count: 2
2025-02-10 02:11:10.828: [INFO][SyncManagerImpl::ConfigureSyncer] Types to download:  with reason: 5
2025-02-10 02:11:10.828: [INFO][SyncEngineBackend::DoFinishConfigureDataTypes] Failed to download types:  and succeeded types: 
2025-02-10 02:11:10.831: [INFO][Sync] ConfigurationDone, failed: , succeeded: , remaining count: 1
2025-02-10 02:11:10.853: [INFO][SyncManagerImpl::ConfigureSyncer] Types to download:  with reason: 5
2025-02-10 02:11:10.853: [INFO][SyncEngineBackend::DoFinishConfigureDataTypes] Failed to download types:  and succeeded types: 
2025-02-10 02:11:10.854: [INFO][Sync] ConfigurationDone, failed: , succeeded: , remaining count: 0
2025-02-10 02:11:10.876: [INFO][Sync]     Configuration completed, state: 7
2025-02-10 02:11:10.877: [INFO][Sync] Configured DataTypeManager: Ok
2025-02-10 02:11:10.899: [INFO][SyncEngineBackend::DoStartSyncing] Start syncing
2025-02-10 02:21:11.033: [INFO][Sync] SyncState after authenticated was: FeatureNotRequestedNotSetup
2025-02-10 02:21:11.296: [INFO][Sync] Try to start sync engine
2025-02-10 02:21:11.297: [INFO][SyncManagerImpl::NudgeForInitialDownload] Initial download nudge for Encryption Keys
2025-02-10 02:21:11.297: [INFO][SyncEngineBackend::LoadAndConnectNigoriController] Load and connect Nigori controller
2025-02-10 02:21:11.297: [INFO][SyncEngineBackend::DoInitialize] Control Types added: Encryption Keys
2025-02-10 02:21:11.297: [INFO][SyncManagerImpl::ConfigureSyncer] Types to download: Encryption Keys with reason: 3
2025-02-10 02:21:11.297: [INFO][SyncSchedulerImpl::DoConfigurationSyncCycleJob] Configure job was blocked
2025-02-10 02:21:11.455: [INFO][SyncAuthManager::SetLastAuthError] Current auth error: None
2025-02-10 02:21:11.455: [INFO][SyncAuthManager::EdgeLogTokenErrorState] Token error with: None for account type: MSA
2025-02-10 02:21:11.455: [INFO][Sync] Credentials changed for: EdgeSyncScopeNew
2025-02-10 02:26:50.511: [INFO][Sync] SyncState after authenticated was: FeatureNotRequestedNotSetup
2025-02-10 02:26:50.759: [INFO][Sync] Try to start sync engine
2025-02-10 02:26:50.760: [INFO][SyncManagerImpl::NudgeForInitialDownload] Initial download nudge for Encryption Keys
2025-02-10 02:26:50.760: [INFO][SyncEngineBackend::LoadAndConnectNigoriController] Load and connect Nigori controller
2025-02-10 02:26:50.760: [INFO][SyncEngineBackend::DoInitialize] Control Types added: Encryption Keys
2025-02-10 02:26:50.760: [INFO][SyncManagerImpl::ConfigureSyncer] Types to download: Encryption Keys with reason: 3
2025-02-10 02:26:50.760: [INFO][SyncSchedulerImpl::DoConfigurationSyncCycleJob] Configure job was blocked
2025-02-10 02:26:50.825: [INFO][SyncAuthManager::SetLastAuthError] Current auth error: None
2025-02-10 02:26:50.825: [INFO][SyncAuthManager::EdgeLogTokenErrorState] Token error with: None for account type: MSA
2025-02-10 02:26:50.825: [INFO][Sync] Credentials changed for: EdgeSyncScopeNew
